[32m[I 2022-02-21 15:06:56,386][0m A new study created in memory with name: DeepSet[0m
Starting Loading south
Finished Loading south
Finished south setup

++++++++ Session Characteristics +++++++

Area: south
Gal Type: qso
Training Set: 232361
Validation Set: 58091
Test Samples: 132567
Number of features: 5
Device: cuda:0
Number of Workers: 8
Number of Trials: 25

+++++++++++++++++++++++++++++++++++++++

Trial Id: 0 | Model params: 130188 | Timestamp: 2022-02-21 15:06:56.445953

[32m[I 2022-02-21 15:07:41,880][0m Trial 0 pruned. [0m
++++++++++++++++++++
        NaN         
++++++++++++++++++++

Trial Id: 1 | Model params: 134302 | Timestamp: 2022-02-21 15:07:41.881895

[32m[I 2022-02-21 15:08:19,477][0m Trial 1 pruned. [0m
++++++++++++++++++++
        NaN         
++++++++++++++++++++

Trial Id: 2 | Model params: 183297 | Timestamp: 2022-02-21 15:08:19.477456

[32m[I 2022-02-21 15:08:49,532][0m Trial 2 pruned. [0m
++++++++++++++++++++
        NaN         
++++++++++++++++++++

Trial Id: 3 | Model params: 132536 | Timestamp: 2022-02-21 15:08:49.532434

[32m[I 2022-02-21 15:09:36,084][0m Trial 3 pruned. [0m
++++++++++++++++++++
        NaN         
++++++++++++++++++++

Trial Id: 4 | Model params: 87851 | Timestamp: 2022-02-21 15:09:36.085117

[32m[I 2022-02-21 15:10:12,725][0m Trial 4 pruned. [0m
++++++++++++++++++++
        NaN         
++++++++++++++++++++

Trial Id: 5 | Model params: 70180 | Timestamp: 2022-02-21 15:10:12.726087

[32m[I 2022-02-21 15:10:53,787][0m Trial 5 pruned. [0m
++++++++++++++++++++
        NaN         
++++++++++++++++++++

Trial Id: 6 | Model params: 71854 | Timestamp: 2022-02-21 15:10:53.787433

[32m[I 2022-02-21 15:11:28,730][0m Trial 6 pruned. [0m
++++++++++++++++++++
        NaN         
++++++++++++++++++++

Trial Id: 7 | Model params: 261142 | Timestamp: 2022-02-21 15:11:28.731143

[32m[I 2022-02-21 15:12:12,686][0m Trial 7 pruned. [0m
++++++++++++++++++++
        NaN         
++++++++++++++++++++

Trial Id: 8 | Model params: 88757 | Timestamp: 2022-02-21 15:12:12.686831

[32m[I 2022-02-21 15:12:44,083][0m Trial 8 pruned. [0m
++++++++++++++++++++
        NaN         
++++++++++++++++++++

Trial Id: 9 | Model params: 125574 | Timestamp: 2022-02-21 15:12:44.083223

[32m[I 2022-02-21 15:13:25,476][0m Trial 9 pruned. [0m
++++++++++++++++++++
        NaN         
++++++++++++++++++++

Trial Id: 10 | Model params: 136070 | Timestamp: 2022-02-21 15:13:25.476671

epoch 0 0.07275585407263341 2.2584173539892065
epoch 5 0.07847679938729057 2.2514395407761625
epoch 10 0.07817762734366851 2.2518049754763254
epoch 15 0.07104618007849006 2.2604984559575056
epoch 20 0.07746565943332462 2.252674396467968
epoch 25 0.07635369908437362 2.2540315981177534
epoch 30 0.07847132300938187 2.2514462306323906
epoch 35 0.07840807241435765 2.2515234951135934
epoch 40 0.07673738347936954 2.2535633850249672
epoch 45 0.07803296162969786 2.251981661465113
epoch 50 0.0787549696027795 2.2510997063090095
epoch 55 0.07844775656217351 2.2514750188029846
epoch 60 0.07854622334163242 2.2513547318534357
epoch 65 0.07496868278778135 2.2557209358282146
epoch 70 0.07874561815333336 2.251111131603576
epoch 75 0.07713346526617482 2.253079941231101
epoch 80 0.07834541625545854 2.251600030840511
epoch 85 0.07842677964641598 2.251500643358389
epoch 90 0.07792045235592926 2.252119063932575
epoch 95 0.07844573661916576 2.2514774862966953
[32m[I 2022-02-21 16:12:40,174][0m Trial 10 finished with value: 2.254643310399226 and parameters: {'n_layers_fe': 2, 'fe_n_units_l0': 95, 'fe_dropout_l0': 0.47759005002898564, 'fe_n_units_l1': 180, 'fe_dropout_l1': 0.34137336268157314, 'n_units_l(Invariant)': 512, 'n_layers_mlp': 2, 'mlp_n_units_l0': 112, 'mlp_dropout_l0': 0.48328794664316876, 'mlp_n_units_l1': 197, 'mlp_dropout_l1': 0.47888587858565346, 'reduction': 'sum', 'lr': 0.0007099729664584547, 'weight_decay': 0.023102512243652035, 'criterion': 'MSELoss', 'batch_size': 128}. Best is trial 10 with value: 2.254643310399226.[0m

Trial Id: 11 | Model params: 137026 | Timestamp: 2022-02-21 16:12:40.174255

epoch 0 0.07457164274651451 2.256204981846046
epoch 5 0.08505151903385799 2.243393578889106
epoch 10 0.07262918459224277 2.258571608283865
epoch 15 0.08683999145500187 2.2411998979017804
epoch 20 0.08432449943501208 2.244284704053689
epoch 25 0.08685492465758327 2.241181572291472
epoch 30 0.0862021596046838 2.2419824875507475
epoch 35 0.08740720349127906 2.2405037258097265
epoch 40 0.08427893100874972 2.2443405465708652
epoch 45 0.08264413492880118 2.2463430138989655
epoch 50 0.0870689720550415 2.2409188828178155
epoch 55 0.08591471183355937 2.2423350831512376
epoch 60 0.08635862661803517 2.241790535181167
epoch 65 0.0820080615881118 2.2471216600953037
epoch 70 0.08731813174554492 2.2406130630243286
epoch 75 0.08826813042359483 2.239446646930684
epoch 80 0.08820415026777828 2.2395252213650307
epoch 85 0.08894499953491042 2.2386152107643555
epoch 90 0.08795629845987663 2.2398295837172517
epoch 95 0.08801453689116567 2.239758070563041
[32m[I 2022-02-21 17:13:20,196][0m Trial 11 finished with value: 2.2414011270844947 and parameters: {'n_layers_fe': 2, 'fe_n_units_l0': 94, 'fe_dropout_l0': 0.48989439324539563, 'fe_n_units_l1': 185, 'fe_dropout_l1': 0.32945652470307246, 'n_units_l(Invariant)': 506, 'n_layers_mlp': 2, 'mlp_n_units_l0': 109, 'mlp_dropout_l0': 0.4980001831842978, 'mlp_n_units_l1': 196, 'mlp_dropout_l1': 0.49941987618521, 'reduction': 'sum', 'lr': 0.0008711292885151995, 'weight_decay': 0.0020624909647018567, 'criterion': 'MSELoss', 'batch_size': 128}. Best is trial 11 with value: 2.2414011270844947.[0m

Trial Id: 12 | Model params: 139937 | Timestamp: 2022-02-21 17:13:20.196899

epoch 0 0.07316350816216077 2.257920853533742
epoch 5 0.06918856895947734 2.26275746487922
epoch 10 0.07235426064457107 2.258906366181818
epoch 15 0.07393166102027315 2.2569849884213147
epoch 20 0.07386544525793792 2.257065676478521
epoch 25 0.07297292825299428 2.258152983060625
epoch 30 0.07194610194903661 2.259403264319301
epoch 35 0.07453343776598653 2.2562515534564245
epoch 40 0.07356400508444072 2.2574329637763326
epoch 45 0.06391903041152946 2.269153421783782
epoch 50 0.07239627955234584 2.2588552055667717
epoch 55 0.07357921519959254 2.257414432568323
epoch 60 0.072491254050565 2.2587395639804932
epoch 65 0.07247843675178534 2.258755170755074
epoch 70 0.07279171027917153 2.2583736874628038
epoch 75 0.071344761050947 2.2601351461482344
epoch 80 0.07451725867562542 2.2562712753673555
epoch 85 0.07246237221565133 2.2587747313229256
epoch 90 0.07295053202597312 2.25818026047406
epoch 95 0.07144518671625566 2.2600129362565062
[32m[I 2022-02-21 18:15:40,942][0m Trial 12 finished with value: 2.270182911641911 and parameters: {'n_layers_fe': 2, 'fe_n_units_l0': 99, 'fe_dropout_l0': 0.4714242222067382, 'fe_n_units_l1': 187, 'fe_dropout_l1': 0.35693129405279345, 'n_units_l(Invariant)': 507, 'n_layers_mlp': 2, 'mlp_n_units_l0': 110, 'mlp_dropout_l0': 0.48485545998694507, 'mlp_n_units_l1': 199, 'mlp_dropout_l1': 0.4978256802036829, 'reduction': 'sum', 'lr': 0.0011925045748353933, 'weight_decay': 0.0589589547720321, 'criterion': 'MSELoss', 'batch_size': 128}. Best is trial 11 with value: 2.2414011270844947.[0m

Trial Id: 13 | Model params: 173562 | Timestamp: 2022-02-21 18:15:40.942422

epoch 0 0.012781250516760267 2.3303108097268805
epoch 5 0.07644289433019102 2.2539227611331505
epoch 10 0.08326131833102701 2.2455872336486635
epoch 15 0.08477306655070083 2.2437349265194935
epoch 20 0.08361872640685464 2.245149448448834
epoch 25 0.08550693012650057 2.2428351903534467
epoch 30 0.08519324937733685 2.2432198154131484
epoch 35 0.08559981469811273 2.2427212856761756
epoch 40 0.08545691770665065 2.2428965183641933
epoch 45 0.08277350961673757 2.2461846074480225
epoch 50 0.08367440215253985 2.2450812441587584
epoch 55 0.08565017315528378 2.2426595285042907
epoch 60 0.08546595111001054 2.2428854412266754
epoch 65 0.08554705647791239 2.242785983977139
epoch 70 0.08574138033441325 2.242547672109442
epoch 75 0.08385169384109037 2.244864043253025
epoch 80 0.0850649580916738 2.243377102985081
epoch 85 0.08534898674800084 2.243028863594398
epoch 90 0.0846116457170063 2.243932784329786
epoch 95 0.08450077853260296 2.244068667081835
[32m[I 2022-02-21 19:21:46,969][0m Trial 13 finished with value: 2.24541695894587 and parameters: {'n_layers_fe': 2, 'fe_n_units_l0': 90, 'fe_dropout_l0': 0.49164336933757713, 'fe_n_units_l1': 244, 'fe_dropout_l1': 0.37125527394305496, 'n_units_l(Invariant)': 508, 'n_layers_mlp': 2, 'mlp_n_units_l0': 119, 'mlp_dropout_l0': 0.3816800584291119, 'mlp_n_units_l1': 191, 'mlp_dropout_l1': 0.4764632169537395, 'reduction': 'sum', 'lr': 0.00015876543517370908, 'weight_decay': 0.011914025324513633, 'criterion': 'MSELoss', 'batch_size': 128}. Best is trial 11 with value: 2.2414011270844947.[0m

Trial Id: 14 | Model params: 158882 | Timestamp: 2022-02-21 19:21:46.969905

epoch 0 0.045101300809808564 2.291847958658507
epoch 5 0.06890795900545044 2.263098513774716
epoch 10 0.07325320558566195 2.2578115923074313
epoch 15 0.07405856096256014 2.2568303448247327
epoch 20 0.07224264609133291 2.2590422581665695
epoch 25 0.07265790297809827 2.2585366368182886
epoch 30 0.07381421434531155 2.25712810257785
epoch 35 0.07327707075972123 2.257782521036904
epoch 40 0.07350760638974474 2.257501675665561
epoch 45 0.0722919301518753 2.2589822552716514
epoch 50 0.07265548717790327 2.258539578650495
epoch 55 0.072349843274227 2.2589117445356925
epoch 60 0.0709895431856501 2.2605673644730406
epoch 65 0.07243234032436441 2.258811298426003
epoch 70 0.07240426716435122 2.258845480024817
epoch 75 0.07314557208773653 2.257942700990603
epoch 80 0.07146724472160282 2.2599860925673774
epoch 85 0.07183332560510003 2.2595405405592057
epoch 90 0.07237050705637726 2.25888658530956
epoch 95 0.07220611929498666 2.2590867281801934
[32m[I 2022-02-21 20:23:05,163][0m Trial 14 finished with value: 2.258340700855826 and parameters: {'n_layers_fe': 2, 'fe_n_units_l0': 86, 'fe_dropout_l0': 0.3975729588875833, 'fe_n_units_l1': 256, 'fe_dropout_l1': 0.3999627707596537, 'n_units_l(Invariant)': 426, 'n_layers_mlp': 2, 'mlp_n_units_l0': 120, 'mlp_dropout_l0': 0.37987928636222623, 'mlp_n_units_l1': 192, 'mlp_dropout_l1': 0.4424701013614109, 'reduction': 'sum', 'lr': 7.379202831654196e-05, 'weight_decay': 0.06541712006440809, 'criterion': 'MSELoss', 'batch_size': 128}. Best is trial 11 with value: 2.2414011270844947.[0m

Trial Id: 15 | Model params: 133996 | Timestamp: 2022-02-21 20:23:05.164047

epoch 0 -0.04052568165070669 2.392398679933562
epoch 5 0.07659000012838435 2.2537432495962206
epoch 10 0.07943925849072431 2.250263507134036
epoch 15 0.08257807623568936 2.2464238918974226
epoch 20 0.0825514993921923 2.2464564300471435
epoch 25 0.07849126447391563 2.2514218703606104
epoch 30 0.08399636987486014 2.244686784370915
epoch 35 0.08362069619997692 2.2451470354344885
epoch 40 0.08301340077274144 2.245890854997379
epoch 45 0.08425355899098108 2.244371638491607
epoch 50 0.08216918559891295 2.2469244464117684
epoch 55 0.08523969920321806 2.24316286431803
epoch 60 0.08506381136177699 2.2433785088481586
epoch 65 0.08459863951349855 2.2439487256199753
epoch 70 0.08295066693171438 2.2459676777940953
epoch 75 0.08473361276778302 2.243783287681887
epoch 80 0.082648367992883 2.2463378311093525
epoch 85 0.08429689042341415 2.2443185381004263
epoch 90 0.08521422563781034 2.2431940970672497
epoch 95 0.08523680609024475 2.243166411541519
[32m[I 2022-02-21 21:26:21,427][0m Trial 15 finished with value: 2.2437909586343365 and parameters: {'n_layers_fe': 2, 'fe_n_units_l0': 127, 'fe_dropout_l0': 0.4002428582917014, 'fe_n_units_l1': 233, 'fe_dropout_l1': 0.30506963179298197, 'n_units_l(Invariant)': 437, 'n_layers_mlp': 2, 'mlp_n_units_l0': 21, 'mlp_dropout_l0': 0.3565893042792634, 'mlp_n_units_l1': 10, 'mlp_dropout_l1': 0.3017387479783739, 'reduction': 'sum', 'lr': 0.0002133957588311815, 'weight_decay': 0.002054973583497412, 'criterion': 'MSELoss', 'batch_size': 128}. Best is trial 11 with value: 2.2414011270844947.[0m

Trial Id: 16 | Model params: 122636 | Timestamp: 2022-02-21 21:26:21.427305

epoch 0 -0.2174923109049962 2.5878569489536045
epoch 5 0.03673736934062488 2.301863192332255
epoch 10 0.05091101373079199 2.2848653891893713
epoch 15 0.057372030074067326 2.277074885295229
epoch 20 0.061281371967951914 2.2723481461426043
epoch 25 0.06368671150648686 2.2694349863872123
epoch 30 0.0644490575627732 2.2685109115410738
epoch 35 0.06404296098782791 2.2690032067869863
epoch 40 0.06502642385765312 2.2678108086286755
epoch 45 0.06583345520487516 2.2668318560856213
epoch 50 0.06530929186744583 2.2674677295978314
epoch 55 0.06586324599084681 2.2667957109028185
epoch 60 0.0665239569685101 2.265993921589724
epoch 65 0.06610712238093808 2.2664997938228906
epoch 70 0.06617284603584084 2.2664200388130826
epoch 75 0.06644473798580741 2.266090070776561
epoch 80 0.06607133497444406 2.2665432203091243
epoch 85 0.06557568844884065 2.2671445806180186
epoch 90 0.06526494799467486 2.267521515896928
epoch 95 0.0662208009610964 2.2663618442111835
[32m[I 2022-02-21 22:27:44,294][0m Trial 16 finished with value: 2.2677675229884913 and parameters: {'n_layers_fe': 2, 'fe_n_units_l0': 133, 'fe_dropout_l0': 0.3972171714317886, 'fe_n_units_l1': 215, 'fe_dropout_l1': 0.28078589631013323, 'n_units_l(Invariant)': 426, 'n_layers_mlp': 2, 'mlp_n_units_l0': 16, 'mlp_dropout_l0': 0.33333083117743856, 'mlp_n_units_l1': 12, 'mlp_dropout_l1': 0.3058142654075234, 'reduction': 'sum', 'lr': 4.676839055634796e-05, 'weight_decay': 0.09764201660315142, 'criterion': 'MSELoss', 'batch_size': 128}. Best is trial 11 with value: 2.2414011270844947.[0m

Trial Id: 17 | Model params: 45808 | Timestamp: 2022-02-21 22:27:44.294380

epoch 0 -0.08874939365198964 2.44720930525689
epoch 5 0.050300545273624375 2.28560010113207
epoch 10 0.05478666420134459 2.280195438027946
epoch 15 0.05112896760546182 2.2846030197668328
epoch 20 0.05382954688341224 2.281349601994938
epoch 25 0.048789321762947924 2.2874178760110406
epoch 30 0.054055604132348556 2.2810770578564483
epoch 35 0.04601711273040232 2.290748677043158
epoch 40 0.0488481566377621 2.287347133520151
epoch 45 0.052467923253657456 2.2829905445672454
epoch 50 0.04939104643019565 2.2866942647577155
epoch 55 0.05232875531242198 2.283158194526768
epoch 60 0.04962839147014164 2.2864087796373993
epoch 65 0.05208944024931772 2.2834464588693026
epoch 70 0.05425854125270779 2.280832360577267
epoch 75 0.04389384416734077 2.2932965064419086
epoch 80 0.0468570392937131 2.2897400193503037
epoch 85 0.050216920520895436 2.285700726932702
epoch 90 0.050318094717248685 2.2855789832956708
epoch 95 0.04544205927098888 2.2914389957657337
[32m[I 2022-02-21 23:16:20,999][0m Trial 17 finished with value: 2.287051188181478 and parameters: {'n_layers_fe': 2, 'fe_n_units_l0': 162, 'fe_dropout_l0': 0.35651824531672266, 'fe_n_units_l1': 71, 'fe_dropout_l1': 0.11102417073573825, 'n_units_l(Invariant)': 438, 'n_layers_mlp': 2, 'mlp_n_units_l0': 41, 'mlp_dropout_l0': 0.49965723145203966, 'mlp_n_units_l1': 8, 'mlp_dropout_l1': 0.2900886614262881, 'reduction': 'sum', 'lr': 0.00041872592361843456, 'weight_decay': 0.20446759044255747, 'criterion': 'MSELoss', 'batch_size': 128}. Best is trial 11 with value: 2.2414011270844947.[0m

Trial Id: 18 | Model params: 84485 | Timestamp: 2022-02-21 23:16:21.000196

[32m[I 2022-02-21 23:16:50,077][0m Trial 18 pruned. [0m
epoch 0 0.06119900841469483 2.2724478323301374

Trial Id: 19 | Model params: 112832 | Timestamp: 2022-02-21 23:16:50.077452

epoch 0 -0.0963098595567351 2.455691529592142
epoch 5 0.07062254708860127 2.261013827414767
epoch 10 0.08146120326614226 2.247790878512319
epoch 15 0.08025618605818263 2.249264816754626
epoch 20 0.07580656351800963 2.254699103781342
epoch 25 0.0768800883842744 2.253389216283241
epoch 30 0.08327008022576377 2.245576502321203
epoch 35 0.07157513155942896 2.2598547941104488
epoch 40 0.08343151569770002 2.2453787714215703
epoch 45 0.08475402131750454 2.2437582716763274
epoch 50 0.08513480341191093 2.2432914726531505
epoch 55 0.08659052404307865 2.2415060152045325
epoch 60 0.08796000739708665 2.2398250294422106
epoch 65 0.08638409244091605 2.2417592923761767
epoch 70 0.0873678430438517 2.2405520421445595
epoch 75 0.08682812112242155 2.2412144647364323
epoch 80 0.0883579218177678 2.23933636890134
epoch 85 0.08818534709161574 2.2395483131405483
epoch 90 0.08849217391279074 2.2391714759706605
epoch 95 0.08784462812348581 2.2399667015258
[32m[I 2022-02-22 00:14:46,288][0m Trial 19 finished with value: 2.2390868607743113 and parameters: {'n_layers_fe': 2, 'fe_n_units_l0': 118, 'fe_dropout_l0': 0.32850342613350736, 'fe_n_units_l1': 153, 'fe_dropout_l1': 0.41683787383231846, 'n_units_l(Invariant)': 461, 'n_layers_mlp': 2, 'mlp_n_units_l0': 91, 'mlp_dropout_l0': 0.341312585590355, 'mlp_n_units_l1': 219, 'mlp_dropout_l1': 0.2539509908709858, 'reduction': 'sum', 'lr': 3.627153453671882e-05, 'weight_decay': 0.0019112422476531014, 'criterion': 'MSELoss', 'batch_size': 128}. Best is trial 19 with value: 2.2390868607743113.[0m

Trial Id: 20 | Model params: 96230 | Timestamp: 2022-02-22 00:14:46.288901

epoch 0 -3.051918952842837 4.721038338316858
epoch 5 0.06743073173185898 2.2648930656262456
epoch 10 0.06966852460960404 2.262174015199214
epoch 15 0.07070982793805658 2.2609076553528284
epoch 20 0.0698154665964652 2.261995357656242
epoch 25 0.07064190369821488 2.260990281658554
epoch 30 0.07028182678508776 2.261428246078118
epoch 35 0.0706088001737657 2.2610305492802985
epoch 40 0.07034181470758605 2.2613552881782937
epoch 45 0.06530503318506298 2.2674728951642535
epoch 50 0.07033991574860754 2.2613575977469087
epoch 55 0.06964700686701597 2.262200176088088
epoch 60 0.06967427008094706 2.2621670299061285
epoch 65 0.0700775116282445 2.261676718517482
epoch 70 0.06948660146413344 2.2623951845922745
epoch 75 0.07006330572833575 2.2616939936295406
epoch 80 0.07043781538234395 2.2612385263180097
epoch 85 0.06997390478047905 2.2618027067971274
epoch 90 0.06996669727260818 2.261811471029288
epoch 95 0.06693455287411088 2.265495510212508
[32m[I 2022-02-22 01:11:05,610][0m Trial 20 finished with value: 2.2628174722980123 and parameters: {'n_layers_fe': 2, 'fe_n_units_l0': 117, 'fe_dropout_l0': 0.32935982332392844, 'fe_n_units_l1': 147, 'fe_dropout_l1': 0.3959135662655646, 'n_units_l(Invariant)': 374, 'n_layers_mlp': 2, 'mlp_n_units_l0': 88, 'mlp_dropout_l0': 0.3058315091032664, 'mlp_n_units_l1': 227, 'mlp_dropout_l1': 0.045661264920170086, 'reduction': 'sum', 'lr': 2.8527901127230482e-05, 'weight_decay': 0.10211239401955048, 'criterion': 'MSELoss', 'batch_size': 32}. Best is trial 19 with value: 2.2390868607743113.[0m

Trial Id: 21 | Model params: 152557 | Timestamp: 2022-02-22 01:11:05.610853

[32m[I 2022-02-22 01:11:41,738][0m Trial 21 pruned. [0m
epoch 0 0.07663699194227425 2.2536859030054415

Trial Id: 22 | Model params: 105044 | Timestamp: 2022-02-22 01:11:41.738487

epoch 0 -0.06652611062255609 2.4221046219453806
epoch 5 0.048457115288846664 2.28781727685293
epoch 10 0.04829008110673083 2.288018070177577
epoch 15 0.04815222527282714 2.2881837746698483
epoch 20 0.037607637118958315 2.300823138473843
epoch 25 0.04839931571442857 2.2878867602461894
epoch 30 0.046717278449706856 2.2899078872780962
epoch 35 0.04851619955655018 2.287746246892524
epoch 40 0.04873684022723479 2.2874809774615863
epoch 45 0.046828841426639234 2.289773889037139
epoch 50 0.045667261474531595 2.291168678203561
epoch 55 0.04816024456716772 2.2881741357032346
epoch 60 0.047888261855266845 2.288501028623888
epoch 65 0.04748989493092659 2.2889797370247913
epoch 70 0.04806495628798135 2.288288666913988
epoch 75 0.046413229222614594 2.290273040867684
epoch 80 0.04856928879102407 2.2876824221636696
epoch 85 0.046994689132190404 2.289574674938689
epoch 90 0.04869576165134004 2.2875303672889724
epoch 95 0.04445790313095521 2.2926199365424256
[32m[I 2022-02-22 02:11:12,154][0m Trial 22 finished with value: 2.288353269270903 and parameters: {'n_layers_fe': 2, 'fe_n_units_l0': 150, 'fe_dropout_l0': 0.42836208387378744, 'fe_n_units_l1': 149, 'fe_dropout_l1': 0.3896413873120649, 'n_units_l(Invariant)': 479, 'n_layers_mlp': 2, 'mlp_n_units_l0': 46, 'mlp_dropout_l0': 0.3050328673920543, 'mlp_n_units_l1': 172, 'mlp_dropout_l1': 0.22517192861090068, 'reduction': 'sum', 'lr': 0.00016793665478312067, 'weight_decay': 0.2960399011278459, 'criterion': 'MSELoss', 'batch_size': 128}. Best is trial 19 with value: 2.2390868607743113.[0m

Trial Id: 23 | Model params: 147316 | Timestamp: 2022-02-22 02:11:12.155164

epoch 0 -0.1618335051052322 2.528011821971029
epoch 5 0.062426525562258584 2.2709616914247595
epoch 10 0.07272871861612007 2.2584503996211556
epoch 15 0.0722986679127886 2.258974051985254
epoch 20 0.07517513472502346 2.2554692016785896
epoch 25 0.07577756094444954 2.2547344814203814
epoch 30 0.07696511298677144 2.2532854389018353
epoch 35 0.07760065341703515 2.2525095740853036
epoch 40 0.07800177706619837 2.2520197465963436
epoch 45 0.07658379598303244 2.2537508207332144
epoch 50 0.07570183704901579 2.2548268475942566
epoch 55 0.07858705230867957 2.251304853330637
epoch 60 0.07873580330523178 2.2511231230010686
epoch 65 0.07855432839508869 2.2513448304394754
epoch 70 0.07882878420012807 2.2510095200168023
epoch 75 0.07887787879873054 2.2509495344899846
epoch 80 0.0788407960661216 2.250994843639389
epoch 85 0.07863575107023979 2.2512453592638404
epoch 90 0.07895324390679426 2.250857447609674
epoch 95 0.07873327137519803 2.2511262164037804
