[32m[I 2022-02-22 03:12:21,626][0m Trial 23 finished with value: 2.250874857096542 and parameters: {'n_layers_fe': 2, 'fe_n_units_l0': 117, 'fe_dropout_l0': 0.2173225172243835, 'fe_n_units_l1': 232, 'fe_dropout_l1': 0.44056624192354965, 'n_units_l(Invariant)': 397, 'n_layers_mlp': 2, 'mlp_n_units_l0': 95, 'mlp_dropout_l0': 0.4237706911703967, 'mlp_n_units_l1': 249, 'mlp_dropout_l1': 0.3361901855955166, 'reduction': 'sum', 'lr': 2.676108232681998e-05, 'weight_decay': 0.04395098061776608, 'criterion': 'MSELoss', 'batch_size': 128}. Best is trial 19 with value: 2.2390868607743113.[0m

Trial Id: 24 | Model params: 133102 | Timestamp: 2022-02-22 03:12:21.626942

[32m[I 2022-02-22 03:12:57,226][0m Trial 24 pruned. [0m
epoch 0 0.06800740381290649 2.264192687317904

Study statistics: 
  Number of finished trials:  25
  Number of pruned trials:  13
  Number of complete trials:  12

Best trial:
  Value:  2.2390868607743113
  Params: 
    n_layers_fe: 2
    fe_n_units_l0: 118
    fe_dropout_l0: 0.32850342613350736
    fe_n_units_l1: 153
    fe_dropout_l1: 0.41683787383231846
    n_units_l(Invariant): 461
    n_layers_mlp: 2
    mlp_n_units_l0: 91
    mlp_dropout_l0: 0.341312585590355
    mlp_n_units_l1: 219
    mlp_dropout_l1: 0.2539509908709858
    reduction: sum
    lr: 3.627153453671882e-05
    weight_decay: 0.0019112422476531014
    criterion: MSELoss
    batch_size: 128
Target: 132567, NaN: 0, Max: 87.0, Min: 0.0, Mean: 4.115865939487203
Prediction: 132567, NaN: 0, Max: 8.747998237609863, Min: 2.5907256603240967, Mean: 4.147243192673262

 XXXXXX======== TRIAL south - qso ended

Test Set - R-squared:  0.0948725087025214
Test Set - RMSE:  2.268241294482902
Test Set - MAE:  1.7374957034399146



./hp_optim.sh: line 11: one: command not found
