[32m[I 2022-02-26 18:36:55,137][0m A new study created in memory with name: DeepSet[0m
Starting Loading south
Finished Loading south
Finished south setup

++++++++ Session Characteristics +++++++

Area: south
Gal Type: qso
Training Set: 216650
Validation Set: 54162
Test Samples: 132567
Number of features: 5
Device: cuda:0
Number of Workers: 8
Number of Trials: 30

+++++++++++++++++++++++++++++++++++++++

Trial Id: 0 | Model params: 68389 | Timestamp: 2022-02-26 18:36:55.138428

epoch 0 -1.351148804387225 3.559867986966075
epoch 5 -1.3364853278038584 3.548749659420361
epoch 10 -1.3227566812904343 3.5383084838961527
epoch 15 -1.3563999554378663 3.5638411464855553
epoch 20 -1.3775370029681113 3.5797893955020634
epoch 25 -1.3674544117762863 3.572190796518097
epoch 30 -1.3491716875899775 3.558370898595824
epoch 35 -1.3768711006343013 3.5792880453554954
epoch 40 -1.3112707002563022 3.529549212806697
epoch 45 -1.3738436958220661 3.5770078614469933
epoch 50 -1.3936398453993477 3.591891732483909
epoch 55 -1.3408779117095695 3.5520839112776272
epoch 60 -1.3488667677627375 3.5581399548431394
epoch 65 -1.3062234424484735 3.525693264405315
epoch 70 -1.3921088955748147 3.59074287845147
epoch 75 -1.319629672487702 3.53592595967251
epoch 80 -1.3541554552318034 3.5621434406539003
epoch 85 -1.3056694796942598 3.5252697971872453
epoch 90 -1.3510510216537082 3.5597939599114294
epoch 95 -1.3557276293319322 3.56333269409619
[32m[I 2022-02-26 19:09:04,053][0m Trial 0 finished with value: 3.5670062853741342 and parameters: {'n_layers_fe': 4, 'fe_n_units_l0': 97, 'fe_dropout_l0': 0.15980302418537634, 'fe_n_units_l1': 34, 'fe_dropout_l1': 0.46900993771080135, 'fe_n_units_l2': 108, 'fe_dropout_l2': 0.26348240185605926, 'fe_n_units_l3': 111, 'fe_dropout_l3': 0.06399160248001001, 'n_units_l(Invariant)': 267, 'n_layers_mlp': 2, 'mlp_n_units_l0': 251, 'mlp_dropout_l0': 0.003851669177655226, 'mlp_n_units_l1': 50, 'mlp_dropout_l1': 0.07494260375355138, 'reduction': 'sum', 'lr': 0.0006290599616916917, 'weight_decay': 0.12967640428812224, 'criterion': 'PoissonNLLLoss', 'batch_size': 128}. Best is trial 0 with value: 3.5670062853741342.[0m

Trial Id: 1 | Model params: 86168 | Timestamp: 2022-02-26 19:09:04.053888

[32m[I 2022-02-26 19:09:13,654][0m Trial 1 pruned. [0m
++++++++++++++++++++
        NaN         
++++++++++++++++++++

Trial Id: 2 | Model params: 52742 | Timestamp: 2022-02-26 19:09:13.654728

[32m[I 2022-02-26 19:09:31,034][0m Trial 2 pruned. [0m
++++++++++++++++++++
        NaN         
++++++++++++++++++++

Trial Id: 3 | Model params: 111851 | Timestamp: 2022-02-26 19:09:31.034518

[32m[I 2022-02-26 19:09:51,063][0m Trial 3 pruned. [0m
++++++++++++++++++++
        NaN         
++++++++++++++++++++

Trial Id: 4 | Model params: 97789 | Timestamp: 2022-02-26 19:09:51.063247

[32m[I 2022-02-26 19:10:06,931][0m Trial 4 pruned. [0m
++++++++++++++++++++
        NaN         
++++++++++++++++++++

Trial Id: 5 | Model params: 56476 | Timestamp: 2022-02-26 19:10:06.931344

[32m[I 2022-02-26 19:10:57,950][0m Trial 5 pruned. [0m
++++++++++++++++++++
        NaN         
++++++++++++++++++++

Trial Id: 6 | Model params: 108997 | Timestamp: 2022-02-26 19:10:57.950230

epoch 0 -1.414703422422121 3.607661099883911
epoch 5 -1.4164369594576431 3.6089558535211186
epoch 10 -1.404071494194231 3.599710080414904
epoch 15 -1.4312610753052035 3.620008858484153
epoch 20 -1.402444171402816 3.5984915472074346
epoch 25 -1.4006616112272048 3.5971562991085246
epoch 30 -1.3981238283601272 3.5952544868300307
epoch 35 -1.4071198010861887 3.6019915318802904
epoch 40 -1.419292618111582 3.61108769126114
epoch 45 -1.4219199441640704 3.613047960610837
epoch 50 -1.4116943715558485 3.605412579492614
epoch 55 -1.3927125327271734 3.591195903204513
epoch 60 -1.3980820574172879 3.5952231753060295
epoch 65 -1.3886857852756833 3.5881727802859813
epoch 70 -1.4095449033130052 3.6038055252417855
epoch 75 -1.417551709570147 3.609788198857701
epoch 80 -1.421814877946296 3.612969590266298
epoch 85 -1.406859731474737 3.6017969437584947
epoch 90 -1.4228573849697757 3.613747135435671
epoch 95 -1.4168718542042535 3.609280597215304
[32m[I 2022-02-26 19:41:52,232][0m Trial 6 finished with value: 3.607777804064205 and parameters: {'n_layers_fe': 2, 'fe_n_units_l0': 113, 'fe_dropout_l0': 0.2409715036694256, 'fe_n_units_l1': 74, 'fe_dropout_l1': 0.4616176433081674, 'n_units_l(Invariant)': 438, 'n_layers_mlp': 4, 'mlp_n_units_l0': 79, 'mlp_dropout_l0': 0.4833444977979907, 'mlp_n_units_l1': 211, 'mlp_dropout_l1': 0.47570120484224193, 'mlp_n_units_l2': 158, 'mlp_dropout_l2': 0.3427231982042876, 'mlp_n_units_l3': 90, 'mlp_dropout_l3': 0.4089147266495901, 'reduction': 'sum', 'lr': 0.0007764742053465603, 'weight_decay': 0.26719979657318305, 'criterion': 'PoissonNLLLoss', 'batch_size': 128}. Best is trial 0 with value: 3.5670062853741342.[0m

Trial Id: 7 | Model params: 76310 | Timestamp: 2022-02-26 19:41:52.232702

epoch 0 -1.6346592040466739 3.76839186969772
epoch 5 -1.4724291407002559 3.6505286532470844
epoch 10 -1.409235213540235 3.6035739259933552
epoch 15 -1.392743437075644 3.5912190951278498
epoch 20 -1.3977298220474332 3.59495912861381
epoch 25 -1.3977950204907281 3.595008004876561
epoch 30 -1.3987920053943705 3.595755315674322
epoch 35 -1.4006560204746377 3.59715211050851
epoch 40 -1.3963054275638624 3.593891159941588
epoch 45 -1.3948567741836313 3.5928046770574236
epoch 50 -1.3996546050554004 3.5964017699143995
epoch 55 -1.3953281318228368 3.593158229016846
epoch 60 -1.3962898949253342 3.593879512281379
epoch 65 -1.3968053091395838 3.594265992438793
epoch 70 -1.3968644173423939 3.594310311702568
epoch 75 -1.3961913617620811 3.5938056230666904
epoch 80 -1.3989349640285127 3.5958624605641147
epoch 85 -1.3967483868163342 3.5942233116284994
epoch 90 -1.4016320188633875 3.597883256052025
epoch 95 -1.397014924367285 3.594423159232782
[32m[I 2022-02-26 20:00:25,064][0m Trial 7 finished with value: 3.5961336556611294 and parameters: {'n_layers_fe': 4, 'fe_n_units_l0': 33, 'fe_dropout_l0': 0.4267376798928372, 'fe_n_units_l1': 233, 'fe_dropout_l1': 0.0020815081281245207, 'fe_n_units_l2': 17, 'fe_dropout_l2': 0.286042548302723, 'fe_n_units_l3': 52, 'fe_dropout_l3': 0.2733772645729157, 'n_units_l(Invariant)': 151, 'n_layers_mlp': 4, 'mlp_n_units_l0': 122, 'mlp_dropout_l0': 0.3960138102842785, 'mlp_n_units_l1': 171, 'mlp_dropout_l1': 0.3778879852936552, 'mlp_n_units_l2': 123, 'mlp_dropout_l2': 0.008308294726449617, 'mlp_n_units_l3': 81, 'mlp_dropout_l3': 0.18804786656087624, 'reduction': 'sum', 'lr': 2.992754488968047e-05, 'weight_decay': 0.22141729829297985, 'criterion': 'PoissonNLLLoss', 'batch_size': 256}. Best is trial 0 with value: 3.5670062853741342.[0m

Trial Id: 8 | Model params: 112649 | Timestamp: 2022-02-26 20:00:25.064398

epoch 0 -1.4418786313770462 3.6279047146187557
epoch 5 -1.383829466097438 3.584523456033022
epoch 10 -1.3684564096538652 3.572946660903789
epoch 15 -1.3575495478420967 3.5647103675909033
epoch 20 -1.357038849008282 3.564324248022382
epoch 25 -1.3628366003571877 3.5687052478416943
epoch 30 -1.355725835344527 3.5633313372807605
epoch 35 -1.365485559439405 3.5707051123560096
epoch 40 -1.356235375985797 3.5637166885675384
epoch 45 -1.3514467891053914 3.5600935687429347
epoch 50 -1.3498491474010748 3.558883947411511
epoch 55 -1.3404393679581408 3.5517511691981607
epoch 60 -1.348870306256964 3.5581426349553364
epoch 65 -1.3535271258892134 3.56166803691488
epoch 70 -1.3560767598975234 3.5635967361383436
epoch 75 -1.3501448552143587 3.5591078674628407
epoch 80 -1.3487861031244468 3.5580788576066764
epoch 85 -1.351749440039986 3.5603226683303313
epoch 90 -1.3642572335252279 3.569777911779773
epoch 95 -1.3563608508688705 3.5638115753064636
[32m[I 2022-02-26 20:32:17,185][0m Trial 8 finished with value: 3.5616782508759917 and parameters: {'n_layers_fe': 4, 'fe_n_units_l0': 122, 'fe_dropout_l0': 0.3956162531734989, 'fe_n_units_l1': 67, 'fe_dropout_l1': 0.3808478991964207, 'fe_n_units_l2': 186, 'fe_dropout_l2': 0.009796356772356019, 'fe_n_units_l3': 135, 'fe_dropout_l3': 0.39852471609859624, 'n_units_l(Invariant)': 315, 'n_layers_mlp': 2, 'mlp_n_units_l0': 216, 'mlp_dropout_l0': 0.47649838336863953, 'mlp_n_units_l1': 81, 'mlp_dropout_l1': 0.16395895555649925, 'reduction': 'sum', 'lr': 2.5843173584659087e-05, 'weight_decay': 0.1449733524868326, 'criterion': 'PoissonNLLLoss', 'batch_size': 256}. Best is trial 8 with value: 3.5616782508759917.[0m

Trial Id: 9 | Model params: 126948 | Timestamp: 2022-02-26 20:32:17.186045

[32m[I 2022-02-26 20:33:16,064][0m Trial 9 pruned. [0m
++++++++++++++++++++
        NaN         
++++++++++++++++++++

Trial Id: 10 | Model params: 209312 | Timestamp: 2022-02-26 20:33:16.064639

[32m[I 2022-02-26 20:34:08,364][0m Trial 10 pruned. [0m
++++++++++++++++++++
        NaN         
++++++++++++++++++++

Trial Id: 11 | Model params: 74162 | Timestamp: 2022-02-26 20:34:08.364857

epoch 0 -1.3886877918738465 3.58817428739492
epoch 5 -1.3533900061875577 3.5615642815838284
epoch 10 -1.3227245351093457 3.5382839993042596
epoch 15 -1.3459856433472512 3.5559570746606775
epoch 20 -1.3412894782581888 3.5523961562384803
epoch 25 -1.3482177429600095 3.5576483389157367
epoch 30 -1.3482449518408184 3.557668950153664
epoch 35 -1.3445435639606207 3.554863981722063
epoch 40 -1.354192163569658 3.5621712127908003
epoch 45 -1.3343933125305854 3.5471605843773832
epoch 50 -1.337226865434578 3.549312753616148
epoch 55 -1.3518619672268861 3.560407844985466
epoch 60 -1.3320947103651508 3.545413766677353
epoch 65 -1.3522094810568959 3.5606708802488747
epoch 70 -1.3392717357380275 3.5508650841888665
epoch 75 -1.3588480964222036 3.5656919614570084
epoch 80 -1.3295881051174536 3.543507895962013
epoch 85 -1.3428969206217176 3.553615418603887
epoch 90 -1.3485094939024944 3.557869339506814
epoch 95 -1.3340011543382881 3.54686262548137
[32m[I 2022-02-26 22:17:24,245][0m Trial 11 finished with value: 3.5537519941697258 and parameters: {'n_layers_fe': 4, 'fe_n_units_l0': 176, 'fe_dropout_l0': 0.1369798075650814, 'fe_n_units_l1': 8, 'fe_dropout_l1': 0.28709757013794407, 'fe_n_units_l2': 181, 'fe_dropout_l2': 0.23498315445185983, 'fe_n_units_l3': 131, 'fe_dropout_l3': 0.39318022816672116, 'n_units_l(Invariant)': 255, 'n_layers_mlp': 2, 'mlp_n_units_l0': 250, 'mlp_dropout_l0': 0.012469144031661893, 'mlp_n_units_l1': 26, 'mlp_dropout_l1': 0.12728393413854472, 'reduction': 'sum', 'lr': 4.643884160960568e-05, 'weight_decay': 0.08818347676538865, 'criterion': 'PoissonNLLLoss', 'batch_size': 32}. Best is trial 11 with value: 3.5537519941697258.[0m

Trial Id: 12 | Model params: 86705 | Timestamp: 2022-02-26 22:17:24.245582

[32m[I 2022-02-26 22:18:23,606][0m Trial 12 pruned. [0m
epoch 0 -1.3825635491838915 3.583571560873439

Trial Id: 13 | Model params: 61741 | Timestamp: 2022-02-26 22:18:23.606394

epoch 0 -1.4634769182386047 3.6439137051860016
epoch 5 -1.3690967708500512 3.5734296382891495
epoch 10 -1.3518444658068995 3.560394597543692
epoch 15 -1.3567783254811383 3.5641272601818836
epoch 20 -1.3557546752225558 3.5633531491837154
epoch 25 -1.3445334480192526 3.554856312674033
epoch 30 -1.3469536345710575 3.5566906214011436
epoch 35 -1.3491115156284228 3.558325326037389
epoch 40 -1.3470873337751752 3.5567919271803063
epoch 45 -1.3518369923170774 3.560388940580761
epoch 50 -1.3508049166098184 3.55960763767327
epoch 55 -1.346211192500263 3.55612801002678
epoch 60 -1.350821260805699 3.5596200119079318
epoch 65 -1.35003528198127 3.5590248965130216
epoch 70 -1.3486163087739746 3.557950248065234
epoch 75 -1.3509382190902173 3.5597085600844594
epoch 80 -1.3610327275493082 3.567342750012608
epoch 85 -1.3565142800508032 3.5639275982394225
epoch 90 -1.3575937017655044 3.5647437486945446
epoch 95 -1.352707210763731 3.5610475809519855
[32m[I 2022-02-26 23:59:02,443][0m Trial 13 finished with value: 3.558290276270301 and parameters: {'n_layers_fe': 4, 'fe_n_units_l0': 168, 'fe_dropout_l0': 0.1397707001055244, 'fe_n_units_l1': 85, 'fe_dropout_l1': 0.17253593229807057, 'fe_n_units_l2': 177, 'fe_dropout_l2': 0.42623478816136984, 'fe_n_units_l3': 73, 'fe_dropout_l3': 0.34667063940900067, 'n_units_l(Invariant)': 234, 'n_layers_mlp': 2, 'mlp_n_units_l0': 17, 'mlp_dropout_l0': 0.3545979602269608, 'mlp_n_units_l1': 11, 'mlp_dropout_l1': 0.1521484428020891, 'reduction': 'sum', 'lr': 5.887674299016814e-05, 'weight_decay': 0.07594839202224463, 'criterion': 'PoissonNLLLoss', 'batch_size': 32}. Best is trial 11 with value: 3.5537519941697258.[0m

Trial Id: 14 | Model params: 50600 | Timestamp: 2022-02-26 23:59:02.443396

[32m[I 2022-02-27 00:00:00,760][0m Trial 14 pruned. [0m
epoch 0 -1.4265343543565243 3.616488237761117

Trial Id: 15 | Model params: 78496 | Timestamp: 2022-02-27 00:00:00.761040

[32m[I 2022-02-27 00:01:05,422][0m Trial 15 pruned. [0m
++++++++++++++++++++
        NaN         
++++++++++++++++++++

Trial Id: 16 | Model params: 70005 | Timestamp: 2022-02-27 00:01:05.422678

[32m[I 2022-02-27 00:02:07,112][0m Trial 16 pruned. [0m
epoch 0 -1.3520556130093682 3.560554419015166

Trial Id: 17 | Model params: 97821 | Timestamp: 2022-02-27 00:02:07.112896

[32m[I 2022-02-27 00:03:08,164][0m Trial 17 pruned. [0m
epoch 0 -1.3532179614119189 3.5614340949752967

Trial Id: 18 | Model params: 38111 | Timestamp: 2022-02-27 00:03:08.164422

[32m[I 2022-02-27 00:04:14,108][0m Trial 18 pruned. [0m
++++++++++++++++++++
        NaN         
++++++++++++++++++++

Trial Id: 19 | Model params: 140054 | Timestamp: 2022-02-27 00:04:14.109125

epoch 0 -3.122758627162841 4.713980583218485
epoch 5 -1.3026516059543845 3.5229619419658578
epoch 10 -1.353410542215237 3.561579820917071
epoch 15 -1.3124111569862125 3.530419903055529
epoch 20 -1.345859320719219 3.555861335820334
epoch 25 -1.340724085884343 3.5519672005314358
epoch 30 -1.3451670162569815 3.5553365984030956
epoch 35 -1.3448594172147876 3.5551034265250023
epoch 40 -1.3571320161542118 3.564394691204944
epoch 45 -1.3062274694850013 3.5256963426173176
epoch 50 -1.32325291077287 3.5386864225831127
epoch 55 -1.330166192078627 3.543947529183383
epoch 60 -1.328313746355902 3.5425385576376094
epoch 65 -1.3425349396021522 3.5533408885956965
epoch 70 -1.3426538653645301 3.5534310854170386
epoch 75 -1.3098049554185645 3.52842986339253
epoch 80 -1.3310358444435333 3.544608794214995
epoch 85 -1.3310591950550434 3.5446265478192194
epoch 90 -1.326412199161998 3.5410916563725556
epoch 95 -1.3493999487937565 3.5585437719322934
[32m[I 2022-02-27 01:55:38,834][0m Trial 19 finished with value: 3.5359580031315634 and parameters: {'n_layers_fe': 4, 'fe_n_units_l0': 196, 'fe_dropout_l0': 0.05126651062076096, 'fe_n_units_l1': 159, 'fe_dropout_l1': 0.11199980117757527, 'fe_n_units_l2': 108, 'fe_dropout_l2': 0.33722540033327636, 'fe_n_units_l3': 188, 'fe_dropout_l3': 0.3483725343624861, 'n_units_l(Invariant)': 307, 'n_layers_mlp': 4, 'mlp_n_units_l0': 31, 'mlp_dropout_l0': 0.39874542124630874, 'mlp_n_units_l1': 30, 'mlp_dropout_l1': 0.009222194368998876, 'mlp_n_units_l2': 244, 'mlp_dropout_l2': 0.009772661361320795, 'mlp_n_units_l3': 9, 'mlp_dropout_l3': 0.014557663122812953, 'reduction': 'sum', 'lr': 0.0001427279830236931, 'weight_decay': 0.03331485513658457, 'criterion': 'PoissonNLLLoss', 'batch_size': 32}. Best is trial 19 with value: 3.5359580031315634.[0m

Trial Id: 20 | Model params: 157318 | Timestamp: 2022-02-27 01:55:38.835024

[32m[I 2022-02-27 01:56:47,260][0m Trial 20 pruned. [0m
epoch 0 -1.3717482199253532 3.575428737125756

Trial Id: 21 | Model params: 149508 | Timestamp: 2022-02-27 01:56:47.261014

epoch 0 -3.122758627162841 4.713980583218485
epoch 5 -1.373149687299557 3.5764849425594436
epoch 10 -1.3550112887746772 3.562790875556975
epoch 15 -1.357743225160005 3.5648567885568654
epoch 20 -1.3571285927030226 3.564392102776381
epoch 25 -1.355570201644305 3.563213627572617
epoch 30 -1.3525689675741348 3.5609429572645364
epoch 35 -1.3576446257287804 3.5647822476732607
epoch 40 -1.352569445307969 3.5609433188230852
epoch 45 -1.3511893854799686 3.5598987086943863
epoch 50 -1.356818996046223 3.564158012850214
epoch 55 -1.3609338417541315 3.567268044733416
epoch 60 -1.356060226900535 3.563584232929945
epoch 65 -1.3573907247435053 3.5645902920908528
epoch 70 -1.3510136748388724 3.559765685855991
epoch 75 -1.3570738006144398 3.564350674908718
epoch 80 -1.355396956218724 3.56308259309704
epoch 85 -1.359467738174363 3.566160263451063
epoch 90 -1.3589732666700538 3.5657865653924063
epoch 95 -1.3627884120729603 3.568668857119715
[32m[I 2022-02-27 03:49:00,330][0m Trial 21 finished with value: 3.562703345647394 and parameters: {'n_layers_fe': 4, 'fe_n_units_l0': 195, 'fe_dropout_l0': 0.10080782171888106, 'fe_n_units_l1': 132, 'fe_dropout_l1': 0.2099791613579329, 'fe_n_units_l2': 119, 'fe_dropout_l2': 0.43600363332025716, 'fe_n_units_l3': 232, 'fe_dropout_l3': 0.35508850921751256, 'n_units_l(Invariant)': 292, 'n_layers_mlp': 4, 'mlp_n_units_l0': 32, 'mlp_dropout_l0': 0.38445477285420915, 'mlp_n_units_l1': 25, 'mlp_dropout_l1': 0.1131085954622669, 'mlp_n_units_l2': 254, 'mlp_dropout_l2': 0.15689624723820686, 'mlp_n_units_l3': 9, 'mlp_dropout_l3': 0.3026433239962215, 'reduction': 'sum', 'lr': 0.00012353668428847814, 'weight_decay': 0.047890377143701694, 'criterion': 'PoissonNLLLoss', 'batch_size': 32}. Best is trial 19 with value: 3.5359580031315634.[0m

Trial Id: 22 | Model params: 186144 | Timestamp: 2022-02-27 03:49:00.330680

[32m[I 2022-02-27 03:50:06,198][0m Trial 22 pruned. [0m
epoch 0 -1.3704087788531858 3.5744189856673874

Trial Id: 23 | Model params: 96017 | Timestamp: 2022-02-27 03:50:06.198717

[32m[I 2022-02-27 03:51:15,562][0m Trial 23 pruned. [0m
epoch 0 -1.3951599022276122 3.5930320487745173

Trial Id: 24 | Model params: 256672 | Timestamp: 2022-02-27 03:51:15.562634

[32m[I 2022-02-27 03:52:24,629][0m Trial 24 pruned. [0m
epoch 0 -1.4186555936567604 3.6106122418266553

Trial Id: 25 | Model params: 102322 | Timestamp: 2022-02-27 03:52:24.629926

[32m[I 2022-02-27 03:53:25,654][0m Trial 25 pruned. [0m
epoch 0 -1.3597083388142135 3.566342083815636

Trial Id: 26 | Model params: 161956 | Timestamp: 2022-02-27 03:53:25.654364

[32m[I 2022-02-27 03:54:26,633][0m Trial 26 pruned. [0m
epoch 0 -1.378493439959699 3.58050936299963

Trial Id: 27 | Model params: 119252 | Timestamp: 2022-02-27 03:54:26.633736

[32m[I 2022-02-27 03:55:39,130][0m Trial 27 pruned. [0m
++++++++++++++++++++
        NaN         
++++++++++++++++++++

Trial Id: 28 | Model params: 124622 | Timestamp: 2022-02-27 03:55:39.130571

[32m[I 2022-02-27 03:56:37,329][0m Trial 28 pruned. [0m
epoch 0 -1.3806664830077406 3.5821446049828625

Trial Id: 29 | Model params: 52078 | Timestamp: 2022-02-27 03:56:37.329187

[32m[I 2022-02-27 03:57:38,613][0m Trial 29 pruned. [0m
epoch 0 -1.3826664250960152 3.5836489269553637

Study statistics: 
  Number of finished trials:  30
  Number of pruned trials:  22
  Number of complete trials:  8

Best trial:
  Value:  3.5359580031315634
  Params: 
    n_layers_fe: 4
    fe_n_units_l0: 196
    fe_dropout_l0: 0.05126651062076096
    fe_n_units_l1: 159
    fe_dropout_l1: 0.11199980117757527
    fe_n_units_l2: 108
    fe_dropout_l2: 0.33722540033327636
    fe_n_units_l3: 188
    fe_dropout_l3: 0.3483725343624861
    n_units_l(Invariant): 307
    n_layers_mlp: 4
    mlp_n_units_l0: 31
    mlp_dropout_l0: 0.39874542124630874
    mlp_n_units_l1: 30
    mlp_dropout_l1: 0.009222194368998876
    mlp_n_units_l2: 244
    mlp_dropout_l2: 0.009772661361320795
    mlp_n_units_l3: 9
    mlp_dropout_l3: 0.014557663122812953
    reduction: sum
    lr: 0.0001427279830236931
    weight_decay: 0.03331485513658457
    criterion: PoissonNLLLoss
    batch_size: 32
Target: 132567, NaN: 0, Max: 87.0, Min: 0.0, Mean: 4.115865939487203
Prediction: 132567, NaN: 0, Max: 1.858744740486145, Min: 1.3068182468414307, Mean: 1.4164243949011128

 XXXXXX======== TRIAL south - qso ended

Test Set - R-squared:  -1.263214581827178
Test Set - RMSE:  3.586718072670437
Test Set - MAE:  2.8318616692944167



