[32m[I 2021-08-23 15:50:41,099][0m Trial 18 finished with value: 11.794454772791074 and parameters: {'n_layers_fe': 2, 'fe_n_units_l0': 158, 'fe_dropout_l0': 0.29324498406827065, 'fe_n_units_l1': 50, 'fe_dropout_l1': 0.28926207523167646, 'n_units_l(Invariant)': 295, 'n_layers_mlp': 2, 'mlp_n_units_l0': 189, 'mlp_dropout_l0': 0.10627060540864258, 'mlp_n_units_l1': 9, 'mlp_dropout_l1': 0.3826009287477736, 'reduction': 'sum', 'lr': 0.000630604936686439, 'weight_decay': 0.23955940357742855, 'batch_size': 256}. Best is trial 0 with value: 11.656280461790152.[0m

Trial Id: 19 | Model params: 117415 | Timestamp: 2021-08-23 15:50:41.099579

epoch 0 -0.8093433117923314 15.864750874409841
epoch 5 -0.7114807223514203 15.42974585791359
epoch 10 -0.5354067119711206 14.61451759322312
epoch 15 -0.6260471203840716 15.039705435809985
epoch 20 -0.5185570153842207 14.534105832920908
epoch 25 -0.5439523267730453 14.655131179074695
epoch 30 -0.3732009445617568 13.821011036556476
epoch 35 -0.24554793467017455 13.162942676825383
epoch 40 -0.23477246735666957 13.105881461822214
epoch 45 -0.19761478718141934 12.907179263631207
epoch 50 -0.1480326247041801 12.637171577065544
epoch 55 -0.07690977499350882 12.239464768592464
epoch 60 -0.07865079763629423 12.249354445607766
epoch 65 -0.04566656227026478 12.060612868370624
epoch 70 -0.03569129323033571 12.002948139331398
epoch 75 -0.005136714611943649 11.824569422938186
epoch 80 0.0014590097077743502 11.785709053969917
epoch 85 0.006831315390390502 11.753961822123939
epoch 90 -0.003584086746909243 11.815433227330113
epoch 95 0.01634235984512733 11.69754573263169
[32m[I 2021-08-23 16:13:42,442][0m Trial 19 finished with value: 11.72799490351799 and parameters: {'n_layers_fe': 2, 'fe_n_units_l0': 112, 'fe_dropout_l0': 0.12159342428744827, 'fe_n_units_l1': 10, 'fe_dropout_l1': 0.36939271444229654, 'n_units_l(Invariant)': 497, 'n_layers_mlp': 4, 'mlp_n_units_l0': 55, 'mlp_dropout_l0': 0.33497002875002546, 'mlp_n_units_l1': 133, 'mlp_dropout_l1': 0.16370574294449303, 'mlp_n_units_l2': 251, 'mlp_dropout_l2': 0.47234842421207535, 'mlp_n_units_l3': 256, 'mlp_dropout_l3': 0.036127350577877276, 'reduction': 'sum', 'lr': 4.3203955866758066e-05, 'weight_decay': 0.18059867403290453, 'batch_size': 256}. Best is trial 0 with value: 11.656280461790152.[0m

Trial Id: 20 | Model params: 75884 | Timestamp: 2021-08-23 16:13:42.442445

[32m[I 2021-08-23 16:13:55,708][0m Trial 20 pruned. [0m
++++++++++++++++++++
        NaN         
++++++++++++++++++++

Trial Id: 21 | Model params: 40976 | Timestamp: 2021-08-23 16:13:55.709007

[32m[I 2021-08-23 16:14:02,251][0m Trial 21 pruned. [0m
epoch 0 -0.5384867147683758 14.629168500895405

Trial Id: 22 | Model params: 42416 | Timestamp: 2021-08-23 16:14:02.252008

epoch 0 -0.8244841769202518 15.93099193076446
epoch 5 -0.48127200799222236 14.35456958770653
epoch 10 -0.3874747864534207 13.892657111602409
epoch 15 -0.3294913472929739 13.599267753637736
epoch 20 -0.2926676456413788 13.409611831394287
epoch 25 -0.2630642833825996 13.255175867331427
epoch 30 -0.23627581838151634 13.113857322724629
epoch 35 -0.22890684540630102 13.074715534252766
epoch 40 -0.21139253717894135 12.981211144752129
epoch 45 -0.19944359757063967 12.917030419142103
epoch 50 -0.18785273660294677 12.854466840874526
epoch 55 -0.16690327728548748 12.740609266441684
epoch 60 -0.1666064296057035 12.738988626183684
epoch 65 -0.153290586388936 12.666077488036395
epoch 70 -0.12143868599933105 12.489945229246498
epoch 75 -0.10263119584536429 12.384768834483795
epoch 80 -0.09943947152703148 12.36683109840536
epoch 85 -0.07046669543371076 12.202795887601678
epoch 90 -0.08007256852711109 12.25742473140404
epoch 95 -0.06265781185908614 12.158205695651693
[32m[I 2021-08-23 16:28:12,791][0m Trial 22 finished with value: 12.038305746370218 and parameters: {'n_layers_fe': 2, 'fe_n_units_l0': 122, 'fe_dropout_l0': 0.32432568339077233, 'fe_n_units_l1': 31, 'fe_dropout_l1': 0.41169427540372355, 'n_units_l(Invariant)': 155, 'n_layers_mlp': 2, 'mlp_n_units_l0': 256, 'mlp_dropout_l0': 0.05334824668994412, 'mlp_n_units_l1': 60, 'mlp_dropout_l1': 0.2849465218820997, 'reduction': 'sum', 'lr': 3.0498194928877136e-05, 'weight_decay': 0.14370741988731167, 'batch_size': 256}. Best is trial 0 with value: 11.656280461790152.[0m

Trial Id: 23 | Model params: 38874 | Timestamp: 2021-08-23 16:28:12.791780

[32m[I 2021-08-23 16:28:20,368][0m Trial 23 pruned. [0m
epoch 0 -0.540666781857785 14.63952974691093

Trial Id: 24 | Model params: 58180 | Timestamp: 2021-08-23 16:28:20.368741

[32m[I 2021-08-23 16:28:31,745][0m Trial 24 pruned. [0m
epoch 0 -0.2876892719087063 13.383765103144855

Trial Id: 25 | Model params: 32169 | Timestamp: 2021-08-23 16:28:31.745565

epoch 0 -6.419902757838808 32.127125799382476
epoch 5 -0.6321883132903419 15.068079364339253
epoch 10 -0.5191886840419 14.537128368297541
epoch 15 -0.4215179599077816 14.062059867752266
epoch 20 -0.3969618598194451 13.94007279212525
epoch 25 -0.3761469873241965 13.835828778467649
epoch 30 -0.3662322099186319 13.785896924203703
epoch 35 -0.3519455984067046 13.713628335614741
epoch 40 -0.3600963523103342 13.75490530836448
epoch 45 -0.3504034035751604 13.705804381189964
epoch 50 -0.3847438169619668 13.878977904222552
epoch 55 -0.37394693582143534 13.824764658187618
epoch 60 -0.4042629362001384 13.976453491940172
epoch 65 -0.3792526563073746 13.851432230993066
epoch 70 -0.34069401007078404 13.656443163008612
epoch 75 -0.3019805598810106 13.457829347140517
epoch 80 -0.39594277690429047 13.93498722672568
epoch 85 -0.3963995315733855 13.937266815123264
epoch 90 -0.4103578435815862 14.006751577618415
epoch 95 -0.40180467824066124 13.964214766300799
[32m[I 2021-08-23 16:42:27,792][0m Trial 25 finished with value: 13.8571230644934 and parameters: {'n_layers_fe': 2, 'fe_n_units_l0': 209, 'fe_dropout_l0': 0.2971561911383422, 'fe_n_units_l1': 26, 'fe_dropout_l1': 0.30078970123733034, 'n_units_l(Invariant)': 47, 'n_layers_mlp': 2, 'mlp_n_units_l0': 225, 'mlp_dropout_l0': 0.07482398056454777, 'mlp_n_units_l1': 39, 'mlp_dropout_l1': 0.317737997057875, 'reduction': 'sum', 'lr': 1.2624419126577628e-05, 'weight_decay': 0.1723830717261155, 'batch_size': 256}. Best is trial 0 with value: 11.656280461790152.[0m

Trial Id: 26 | Model params: 30996 | Timestamp: 2021-08-23 16:42:27.793123

[32m[I 2021-08-23 16:42:45,606][0m Trial 26 pruned. [0m
++++++++++++++++++++
        NaN         
++++++++++++++++++++

Trial Id: 27 | Model params: 69116 | Timestamp: 2021-08-23 16:42:45.606484

[32m[I 2021-08-23 16:42:57,272][0m Trial 27 pruned. [0m
epoch 0 -0.407131373414386 13.990720808364557

Trial Id: 28 | Model params: 112262 | Timestamp: 2021-08-23 16:42:57.272449

[32m[I 2021-08-23 16:43:11,757][0m Trial 28 pruned. [0m
epoch 0 -0.5337512629880294 14.606636908289765

Trial Id: 29 | Model params: 37290 | Timestamp: 2021-08-23 16:43:11.757956

[32m[I 2021-08-23 16:43:25,512][0m Trial 29 pruned. [0m
++++++++++++++++++++
        NaN         
++++++++++++++++++++

Trial Id: 30 | Model params: 22551 | Timestamp: 2021-08-23 16:43:25.512453

[32m[I 2021-08-23 16:43:32,465][0m Trial 30 pruned. [0m
epoch 0 -0.2980348193629694 13.43742144057113

Trial Id: 31 | Model params: 103633 | Timestamp: 2021-08-23 16:43:32.465590

[32m[I 2021-08-23 16:43:51,062][0m Trial 31 pruned. [0m
epoch 0 -0.5371676716663243 14.622895895022234

Trial Id: 32 | Model params: 73894 | Timestamp: 2021-08-23 16:43:51.062426

epoch 0 -0.8600097944809779 16.08534509159239
epoch 5 -0.5442049444733772 14.656330048382612
epoch 10 -0.3706346106025802 13.808090160879699
epoch 15 -0.3079362501087155 13.488574511591992
epoch 20 -0.2917119489907716 13.404653909406685
epoch 25 -0.2713684545357542 13.298678371640897
epoch 30 -0.2591785075560573 13.234770604385792
epoch 35 -0.24564145728635345 13.16343684075684
epoch 40 -0.24479466986807585 13.158961826037304
epoch 45 -0.24823583201366262 13.177137863677693
epoch 50 -0.26279268806671974 13.253750667809415
epoch 55 -0.2375902867080948 13.120827114685838
epoch 60 -0.24076909883551156 13.137667056167912
epoch 65 -0.251428409357759 13.193978498026878
epoch 70 -0.2587100488667349 13.232308475303167
epoch 75 -0.23606008154170355 13.112713053165027
epoch 80 -0.226012150059425 13.059307681319032
epoch 85 -0.2732486723889127 13.308508399484467
epoch 90 -0.24257896289962977 13.14724527947756
epoch 95 -0.19919141931296158 12.915672470563434
[32m[I 2021-08-23 17:08:15,571][0m Trial 32 finished with value: 12.96536140385197 and parameters: {'n_layers_fe': 4, 'fe_n_units_l0': 184, 'fe_dropout_l0': 0.3437805892557557, 'fe_n_units_l1': 48, 'fe_dropout_l1': 0.3825183092638273, 'fe_n_units_l2': 32, 'fe_dropout_l2': 0.35795782314241753, 'fe_n_units_l3': 75, 'fe_dropout_l3': 0.38527932185462976, 'n_units_l(Invariant)': 254, 'n_layers_mlp': 2, 'mlp_n_units_l0': 211, 'mlp_dropout_l0': 0.41386627138903614, 'mlp_n_units_l1': 122, 'mlp_dropout_l1': 0.206093703751595, 'reduction': 'sum', 'lr': 2.893549112533536e-05, 'weight_decay': 0.13412154495788894, 'batch_size': 256}. Best is trial 0 with value: 11.656280461790152.[0m

Trial Id: 33 | Model params: 49903 | Timestamp: 2021-08-23 17:08:15.571789

[32m[I 2021-08-23 17:08:27,756][0m Trial 33 pruned. [0m
epoch 0 -0.6777713845474371 15.277037986565224

Trial Id: 34 | Model params: 124757 | Timestamp: 2021-08-23 17:08:27.756241

[32m[I 2021-08-23 17:08:49,413][0m Trial 34 pruned. [0m
++++++++++++++++++++
        NaN         
++++++++++++++++++++

Trial Id: 35 | Model params: 108117 | Timestamp: 2021-08-23 17:08:49.413329

[32m[I 2021-08-23 17:09:11,057][0m Trial 35 pruned. [0m
epoch 0 -0.6259471789950342 15.03924323759634

Trial Id: 36 | Model params: 41857 | Timestamp: 2021-08-23 17:09:11.057568

[32m[I 2021-08-23 17:09:25,022][0m Trial 36 pruned. [0m
++++++++++++++++++++
        NaN         
++++++++++++++++++++

Trial Id: 37 | Model params: 78654 | Timestamp: 2021-08-23 17:09:25.022636

[32m[I 2021-08-23 17:09:44,521][0m Trial 37 pruned. [0m
epoch 0 -0.06443047193002616 12.16834225369434

Trial Id: 38 | Model params: 31081 | Timestamp: 2021-08-23 17:09:44.521812

[32m[I 2021-08-23 17:09:57,347][0m Trial 38 pruned. [0m
epoch 0 -0.5487861275205312 14.67805436881663

Trial Id: 39 | Model params: 130482 | Timestamp: 2021-08-23 17:09:57.347478

[32m[I 2021-08-23 17:10:12,626][0m Trial 39 pruned. [0m
epoch 0 -0.3069835927662503 13.48366130184046

Trial Id: 40 | Model params: 74411 | Timestamp: 2021-08-23 17:10:12.626505

[32m[I 2021-08-23 17:10:30,509][0m Trial 40 pruned. [0m
epoch 0 -0.30787906095741646 13.48827961627084

Trial Id: 41 | Model params: 120399 | Timestamp: 2021-08-23 17:10:30.509277

epoch 0 -0.9773843393821238 16.585108314558298
epoch 5 -1.5573973212925187 18.86131073452186
epoch 10 -1.5014994228186183 18.6540428712388
epoch 15 -0.9666069609703587 16.539849483551585
epoch 20 -0.5807888881194361 14.828926215397379
epoch 25 -0.12706628764864036 12.521244522503867
epoch 30 -0.002990107437365941 11.8119361802448
epoch 35 0.0058792360759655216 11.759594311066119
epoch 40 0.011568789244128186 11.725894762304549
epoch 45 0.01172004542183458 11.724997541607593
epoch 50 0.01881638127715879 11.682826079423693
epoch 55 0.014144377838794409 11.710607517146908
epoch 60 0.02305877767325004 11.657541887356691
epoch 65 0.02394582498837794 11.652248252805734
epoch 70 0.02150209546251236 11.666825897700313
epoch 75 0.025209425217386006 11.644703306849198
epoch 80 0.022274963931169234 11.662217454986413
epoch 85 0.02416462535858188 11.650942147472204
epoch 90 0.025297215244228677 11.644178931737097
epoch 95 0.025616349153441687 11.642272526715827
[32m[I 2021-08-23 17:29:45,187][0m Trial 41 finished with value: 11.652334434101114 and parameters: {'n_layers_fe': 2, 'fe_n_units_l0': 8, 'fe_dropout_l0': 0.11816374617352918, 'fe_n_units_l1': 18, 'fe_dropout_l1': 0.3690068501152356, 'n_units_l(Invariant)': 468, 'n_layers_mlp': 4, 'mlp_n_units_l0': 60, 'mlp_dropout_l0': 0.3208549989943895, 'mlp_n_units_l1': 131, 'mlp_dropout_l1': 0.17642991693911178, 'mlp_n_units_l2': 256, 'mlp_dropout_l2': 0.4826855147190737, 'mlp_n_units_l3': 252, 'mlp_dropout_l3': 0.007595938741783978, 'reduction': 'sum', 'lr': 3.604899949437303e-05, 'weight_decay': 0.1776589581637355, 'batch_size': 256}. Best is trial 41 with value: 11.652334434101114.[0m

Trial Id: 42 | Model params: 94773 | Timestamp: 2021-08-23 17:29:45.187313

[32m[I 2021-08-23 17:29:52,072][0m Trial 42 pruned. [0m
epoch 0 -0.6777826732564205 15.277089381453544

Trial Id: 43 | Model params: 76558 | Timestamp: 2021-08-23 17:29:52.072489

[32m[I 2021-08-23 17:30:04,762][0m Trial 43 pruned. [0m
epoch 0 -0.6729700625862118 15.25516297702291

Trial Id: 44 | Model params: 83001 | Timestamp: 2021-08-23 17:30:04.762937

epoch 0 -0.8697143648694561 16.127253010439325
epoch 5 -0.2414990734388358 13.141531092268663
epoch 10 -0.010982751920819656 11.85890636983491
epoch 15 0.01777260678757686 11.689038471420943
epoch 20 0.019798489616997594 11.676977697276897
epoch 25 0.019707007438457547 11.677522590558414
epoch 30 0.019299108249777985 11.679951842135885
epoch 35 0.018115488940945834 11.686998051579314
epoch 40 0.023717358395331734 11.65361190339123
epoch 45 0.02900607282457468 11.622004088885644
epoch 50 0.025136396040164155 11.645139496527527
epoch 55 0.021914358019814006 11.664367894375717
epoch 60 0.015568500962597431 11.702146149287266
epoch 65 0.02548007682580955 11.643086612680841
epoch 70 0.03284133658737065 11.599028892313651
epoch 75 0.030470293454997632 11.613238020516064
epoch 80 0.03466245392444911 11.58810351559294
epoch 85 0.028258904815047448 11.626474724376807
epoch 90 0.024343313180661186 11.649875381066181
epoch 95 0.017694828299444354 11.689501265346749
[32m[I 2021-08-23 17:48:59,067][0m Trial 44 finished with value: 11.670003876367689 and parameters: {'n_layers_fe': 2, 'fe_n_units_l0': 139, 'fe_dropout_l0': 0.17508939464923962, 'fe_n_units_l1': 39, 'fe_dropout_l1': 0.3068664552502531, 'n_units_l(Invariant)': 236, 'n_layers_mlp': 4, 'mlp_n_units_l0': 36, 'mlp_dropout_l0': 0.21198913988431725, 'mlp_n_units_l1': 152, 'mlp_dropout_l1': 0.13263388179264335, 'mlp_n_units_l2': 230, 'mlp_dropout_l2': 0.4156630313966837, 'mlp_n_units_l3': 102, 'mlp_dropout_l3': 0.006061889832381717, 'reduction': 'sum', 'lr': 0.00012625840029965784, 'weight_decay': 0.11966102805969332, 'batch_size': 256}. Best is trial 41 with value: 11.652334434101114.[0m

Trial Id: 45 | Model params: 79832 | Timestamp: 2021-08-23 17:48:59.067667

epoch 0 -5.596228343032945 30.291488006871035
epoch 5 -0.777649228015326 15.72518637170402
epoch 10 -0.7507646886678179 15.60582226362316
epoch 15 -0.6473271401798955 15.137797587167336
epoch 20 -0.5906087919600389 14.87491375477053
epoch 25 -0.649082458038581 15.145860518681738
epoch 30 -0.8649612199508268 16.1067407996129
epoch 35 -0.9000735188318165 16.257657486202742
epoch 40 -0.9186212661801627 16.336815109723133
epoch 45 -0.8568257680962343 16.07157148123481
epoch 50 -0.9349419206987881 16.40615211373739
epoch 55 -0.9175318347499506 16.332176266358488
epoch 60 -0.7663039519852295 15.674925570841127
epoch 65 -0.8766511574154436 16.157142024398016
epoch 70 -0.776136209809555 15.71849282448958
epoch 75 -0.7546256963705817 15.623020753200958
epoch 80 -0.6952852010900561 15.356567479866872
epoch 85 -0.7189030878372367 15.463167593734143
epoch 90 -0.6259218910749236 15.039126286484656
epoch 95 -0.5358888778570932 14.616812121650089
[32m[I 2021-08-23 18:07:51,524][0m Trial 45 finished with value: 14.466974331656955 and parameters: {'n_layers_fe': 2, 'fe_n_units_l0': 133, 'fe_dropout_l0': 0.16717860404056867, 'fe_n_units_l1': 20, 'fe_dropout_l1': 0.3077573157600034, 'n_units_l(Invariant)': 317, 'n_layers_mlp': 4, 'mlp_n_units_l0': 28, 'mlp_dropout_l0': 0.21808512046200723, 'mlp_n_units_l1': 153, 'mlp_dropout_l1': 0.12404203064085242, 'mlp_n_units_l2': 253, 'mlp_dropout_l2': 0.4225152871328516, 'mlp_n_units_l3': 94, 'mlp_dropout_l3': 0.00382847153832074, 'reduction': 'sum', 'lr': 1.5799487129007127e-05, 'weight_decay': 0.11941785735001807, 'batch_size': 256}. Best is trial 41 with value: 11.652334434101114.[0m

Trial Id: 46 | Model params: 73274 | Timestamp: 2021-08-23 18:07:51.524460

[32m[I 2021-08-23 18:08:04,888][0m Trial 46 pruned. [0m
++++++++++++++++++++
        NaN         
++++++++++++++++++++

Trial Id: 47 | Model params: 73889 | Timestamp: 2021-08-23 18:08:04.888533

[32m[I 2021-08-23 18:08:17,447][0m Trial 47 pruned. [0m
epoch 0 -0.7849822021275816 15.757586945656731

Trial Id: 48 | Model params: 64294 | Timestamp: 2021-08-23 18:08:17.447746

epoch 0 -1.4045009362674121 18.28880133251937
epoch 5 -1.327831488980113 17.994862658965715
epoch 10 -0.8584318568025877 16.07852064970513
epoch 15 -0.12043412228482775 12.484349846717382
epoch 20 0.0012002659341820987 11.787235922342715
epoch 25 0.006310653641438235 11.757042384647603
epoch 30 0.010296238444937877 11.733440556553935
epoch 35 0.014382238072588316 11.709194705871493
epoch 40 0.013513655265527724 11.714352976095375
epoch 45 0.016579289677145392 11.696136876367882
epoch 50 0.01629988659219106 11.69779827347278
epoch 55 0.017405149763839667 11.691224735861939
epoch 60 0.013210730850871877 11.716151425288878
epoch 65 0.00987956124803413 11.735910256494138
epoch 70 0.014994052640970201 11.705559945899626
epoch 75 0.013213585173676212 11.716134480585778
epoch 80 0.01812597700759422 11.686935633677603
epoch 85 0.013104521204639785 11.716781922019775
epoch 90 0.018404461978217213 11.68527815692501
epoch 95 0.014689566591769898 11.707369023455453
[32m[I 2021-08-23 18:23:40,117][0m Trial 48 finished with value: 11.692052537142688 and parameters: {'n_layers_fe': 2, 'fe_n_units_l0': 81, 'fe_dropout_l0': 0.16980853520289924, 'fe_n_units_l1': 9, 'fe_dropout_l1': 0.14730566812588247, 'n_units_l(Invariant)': 272, 'n_layers_mlp': 4, 'mlp_n_units_l0': 11, 'mlp_dropout_l0': 0.370328135958427, 'mlp_n_units_l1': 112, 'mlp_dropout_l1': 0.11531536473968904, 'mlp_n_units_l2': 226, 'mlp_dropout_l2': 0.3186730958576073, 'mlp_n_units_l3': 142, 'mlp_dropout_l3': 0.31963410390933095, 'reduction': 'sum', 'lr': 6.420377550252522e-05, 'weight_decay': 0.10766289496389761, 'batch_size': 256}. Best is trial 41 with value: 11.652334434101114.[0m

Trial Id: 49 | Model params: 51002 | Timestamp: 2021-08-23 18:23:40.117715

[32m[I 2021-08-23 18:23:50,925][0m Trial 49 pruned. [0m
epoch 0 -0.7213879923977193 15.474340596748483

Study statistics: 
  Number of finished trials:  50
  Number of pruned trials:  31
  Number of complete trials:  19

Best trial:
  Value:  11.652334434101114
  Params: 
    n_layers_fe: 2
    fe_n_units_l0: 8
    fe_dropout_l0: 0.11816374617352918
    fe_n_units_l1: 18
    fe_dropout_l1: 0.3690068501152356
    n_units_l(Invariant): 468
    n_layers_mlp: 4
    mlp_n_units_l0: 60
    mlp_dropout_l0: 0.3208549989943895
    mlp_n_units_l1: 131
    mlp_dropout_l1: 0.17642991693911178
    mlp_n_units_l2: 256
    mlp_dropout_l2: 0.4826855147190737
    mlp_n_units_l3: 252
    mlp_dropout_l3: 0.007595938741783978
    reduction: sum
    lr: 3.604899949437303e-05
    weight_decay: 0.1776589581637355
    batch_size: 256
Target 19505 0 131.0 1.0 35.255216611125356
[37. 27. 21. ... 27. 25. 32.]
Prediction 19505 0 43.61064910888672 14.972800254821777 35.64093528249819
[39.19421005 34.50820541 34.81858063 ... 33.3068161  34.53546524
 33.84807968]

 XXXXXX======== TRIAL north - lrg ended

Test Set - R-squared:  0.01968125771415563
Test Set - RMSE:  11.851405145617969
Test Set - MAE:  8.746889727655297



