[32m[I 2021-08-23 05:54:42,889][0m Trial 14 pruned. [0m
epoch 0 -2.2118873248460127 51.41982940893225

Trial Id: 15 | Model params: 104810 | Timestamp: 2021-08-23 05:54:42.889904

epoch 0 -24.285502724506053 144.27340345389692
epoch 5 -2.249925202667468 51.72341172239138
epoch 10 -1.7007921630344196 47.1515596998527
epoch 15 -1.3929628641948613 44.383184550390865
epoch 20 -1.232849513090835 42.87263807676985
epoch 25 -1.0558203565272435 41.137989383592675
epoch 30 -0.8112954266661465 38.61402967537265
epoch 35 -0.595183479582601 36.23729757383984
epoch 40 -0.5807819146564803 36.07334871240655
epoch 45 -0.49877692821365205 35.12521411273745
epoch 50 -0.46468897535040377 34.723475459490096
epoch 55 -0.46837441827441895 34.76713352955213
epoch 60 -0.396924557719021 33.910715778260005
epoch 65 -0.3623474624905114 33.488401995299746
epoch 70 -0.34504620944522246 33.27507807648801
epoch 75 -0.3223996384201624 32.993762328910954
epoch 80 -0.361771839646881 33.481326441391374
epoch 85 -0.3369051131607568 33.174224006559584
epoch 90 -0.4726423212845896 34.81762306680925
epoch 95 -0.5618623595664682 35.856827346810896
[32m[I 2021-08-23 06:24:16,948][0m Trial 15 finished with value: 35.04443989382806 and parameters: {'n_layers_fe': 2, 'fe_n_units_l0': 212, 'fe_dropout_l0': 0.22526988096701347, 'fe_n_units_l1': 97, 'fe_dropout_l1': 0.18068204160448265, 'n_units_l(Invariant)': 355, 'n_layers_mlp': 2, 'mlp_n_units_l0': 207, 'mlp_dropout_l0': 0.49119229560600935, 'mlp_n_units_l1': 161, 'mlp_dropout_l1': 0.33221386817080145, 'reduction': 'sum', 'lr': 1.0043936147657747e-05, 'weight_decay': 0.16423736963212107, 'batch_size': 256}. Best is trial 9 with value: 25.670680899161127.[0m

Trial Id: 16 | Model params: 18309 | Timestamp: 2021-08-23 06:24:16.948176

[32m[I 2021-08-23 06:24:36,466][0m Trial 16 pruned. [0m
++++++++++++++++++++
        NaN         
++++++++++++++++++++

Trial Id: 17 | Model params: 127701 | Timestamp: 2021-08-23 06:24:36.466448

epoch 0 -6.3435523692792755 77.75056951603021
epoch 5 -0.3561060787950021 33.41160297259209
epoch 10 0.05226736339346583 27.931444676323544
epoch 15 0.13382671986477968 26.702558299177586
epoch 20 0.14601012602798058 26.51409703130571
epoch 25 0.16543756913472984 26.210777025078396
epoch 30 0.16341501589134833 26.24251857613578
epoch 35 0.16049051410567294 26.288347355747273
epoch 40 0.16557959585398763 26.208546641271163
epoch 45 0.1651985625767055 26.214529949313654
epoch 50 0.17970985606365175 25.98568845921285
epoch 55 0.15840759180775987 26.32093940115073
epoch 60 0.183342571949209 25.928084836363233
epoch 65 0.19778275654203914 25.697831499291787
epoch 70 0.13174072869962206 26.734692634281796
epoch 75 0.2082486536196475 25.529651477929573
epoch 80 0.20503580960258383 25.581397361794945
epoch 85 0.18228965958856425 25.94479392777888
epoch 90 0.20733492804469866 25.544378556871255
epoch 95 0.15777015109820847 26.33090554527994
[32m[I 2021-08-23 06:50:27,750][0m Trial 17 finished with value: 25.67072333435442 and parameters: {'n_layers_fe': 2, 'fe_n_units_l0': 68, 'fe_dropout_l0': 0.34430321238007916, 'fe_n_units_l1': 190, 'fe_dropout_l1': 0.2339342316463682, 'n_units_l(Invariant)': 269, 'n_layers_mlp': 4, 'mlp_n_units_l0': 157, 'mlp_dropout_l0': 0.23629979096099618, 'mlp_n_units_l1': 88, 'mlp_dropout_l1': 0.3688060214259653, 'mlp_n_units_l2': 243, 'mlp_dropout_l2': 0.006542148208990739, 'mlp_n_units_l3': 67, 'mlp_dropout_l3': 0.3126555596533814, 'reduction': 'sum', 'lr': 0.0016729463993162379, 'weight_decay': 0.03385577627717413, 'batch_size': 128}. Best is trial 9 with value: 25.670680899161127.[0m

Trial Id: 18 | Model params: 112004 | Timestamp: 2021-08-23 06:50:27.750776

epoch 0 -6.942638756664941 80.85984156159752
epoch 5 -0.3262942934020625 33.04231226947712
epoch 10 -0.048988872788460425 29.385691939857338
epoch 15 0.019053757215329425 28.416663514350816
epoch 20 0.08933627032585645 27.379751399532303
epoch 25 0.07302313688326922 27.623895852816876
epoch 30 0.1286100895945732 26.78284723940109
epoch 35 0.04383366857710935 28.05544775861685
epoch 40 0.10794035025936011 27.098635819352047
epoch 45 0.10430443282396817 27.153804893174904
epoch 50 0.08297995167227479 27.475138856786696
epoch 55 0.0658918145009677 27.729948921557824
epoch 60 0.07092970663731346 27.655070356176697
epoch 65 -0.05331732444104964 29.44625674143179
epoch 70 0.08159350063808879 27.495900969546135
epoch 75 -0.0034064406753198107 28.74014288165214
epoch 80 0.06787548799285048 27.70048959348736
epoch 85 0.07750125819764064 27.5570911014193
epoch 90 0.07741515455419046 27.558377125169162
epoch 95 -0.005949777089058195 28.776543680233363
[32m[I 2021-08-23 07:20:42,446][0m Trial 18 finished with value: 28.417316477035193 and parameters: {'n_layers_fe': 2, 'fe_n_units_l0': 62, 'fe_dropout_l0': 0.38043688796310265, 'fe_n_units_l1': 182, 'fe_dropout_l1': 0.24030911839242308, 'n_units_l(Invariant)': 380, 'n_layers_mlp': 4, 'mlp_n_units_l0': 163, 'mlp_dropout_l0': 0.23892300021103072, 'mlp_n_units_l1': 12, 'mlp_dropout_l1': 0.3697748528272935, 'mlp_n_units_l2': 249, 'mlp_dropout_l2': 0.004431780853330847, 'mlp_n_units_l3': 56, 'mlp_dropout_l3': 0.3043828570237452, 'reduction': 'sum', 'lr': 0.002701176237158065, 'weight_decay': 0.1892919176212382, 'batch_size': 128}. Best is trial 9 with value: 25.670680899161127.[0m

Trial Id: 19 | Model params: 213020 | Timestamp: 2021-08-23 07:20:42.447054

[32m[I 2021-08-23 07:21:06,953][0m Trial 19 pruned. [0m
epoch 0 0.0965237012986685 27.271489755265204

Trial Id: 20 | Model params: 181335 | Timestamp: 2021-08-23 07:21:06.953427

[32m[I 2021-08-23 07:21:24,561][0m Trial 20 pruned. [0m
++++++++++++++++++++
        NaN         
++++++++++++++++++++

Trial Id: 21 | Model params: 72945 | Timestamp: 2021-08-23 07:21:24.561618

[32m[I 2021-08-23 07:21:35,822][0m Trial 21 pruned. [0m
epoch 0 -1.0499217104908176 41.078929566216786

Trial Id: 22 | Model params: 125553 | Timestamp: 2021-08-23 07:21:35.823033

[32m[I 2021-08-23 07:21:49,159][0m Trial 22 pruned. [0m
epoch 0 -2.367605187580304 52.651538460443014

Trial Id: 23 | Model params: 35077 | Timestamp: 2021-08-23 07:21:49.159715

[32m[I 2021-08-23 07:21:57,680][0m Trial 23 pruned. [0m
epoch 0 -0.5220662780573686 35.397065768332496

Trial Id: 24 | Model params: 28254 | Timestamp: 2021-08-23 07:21:57.680450

[32m[I 2021-08-23 07:22:05,376][0m Trial 24 pruned. [0m
epoch 0 0.033510109888067685 28.206495995491068

Trial Id: 25 | Model params: 143279 | Timestamp: 2021-08-23 07:22:05.376282

[32m[I 2021-08-23 07:22:25,683][0m Trial 25 pruned. [0m
epoch 0 0.11028653139064526 27.06297667536546

Trial Id: 26 | Model params: 138165 | Timestamp: 2021-08-23 07:22:25.683540

[32m[I 2021-08-23 07:22:41,846][0m Trial 26 pruned. [0m
++++++++++++++++++++
        NaN         
++++++++++++++++++++

Trial Id: 27 | Model params: 35887 | Timestamp: 2021-08-23 07:22:41.846976

[32m[I 2021-08-23 07:22:50,423][0m Trial 27 pruned. [0m
epoch 0 -1.1692007293966649 42.257164455269454

Trial Id: 28 | Model params: 71774 | Timestamp: 2021-08-23 07:22:50.423209

epoch 0 -28.362899703499846 155.47120032005228
epoch 5 -28.362899703499846 155.47120032005228
epoch 10 -28.362899703499846 155.47120032005228
epoch 15 -28.362899703499846 155.47120032005228
epoch 20 -28.362899703499846 155.47120032005228
epoch 25 -0.09201467844459765 29.982284354852734
epoch 30 0.0607677361996134 27.805901634572315
epoch 35 0.0832466977853571 27.471142532196733
epoch 40 0.10168891065930263 27.193421928975617
epoch 45 0.11011899657241253 27.06552456163352
epoch 50 0.1125177563656512 27.029021083678092
epoch 55 0.11594052304081848 26.976849107395157
epoch 60 0.11724807357647815 26.956891940060352
epoch 65 0.12140515100705163 26.893344001818626
epoch 70 0.12430160862027051 26.848977854872217
epoch 75 0.1258060370681755 26.82590499686974
epoch 80 0.1266923760880868 26.81230225125348
epoch 85 0.12970597390661764 26.766000512289004
epoch 90 0.12921735948821123 26.773513156433246
epoch 95 0.12858483553602096 26.783235338163657
[32m[I 2021-08-23 07:36:14,161][0m Trial 28 finished with value: 26.713181952205872 and parameters: {'n_layers_fe': 2, 'fe_n_units_l0': 45, 'fe_dropout_l0': 0.49323114880383956, 'fe_n_units_l1': 83, 'fe_dropout_l1': 0.06951430584162072, 'n_units_l(Invariant)': 122, 'n_layers_mlp': 4, 'mlp_n_units_l0': 86, 'mlp_dropout_l0': 0.4449199810989767, 'mlp_n_units_l1': 41, 'mlp_dropout_l1': 0.2505315398136, 'mlp_n_units_l2': 230, 'mlp_dropout_l2': 0.04635987545171834, 'mlp_n_units_l3': 165, 'mlp_dropout_l3': 0.18743773309194978, 'reduction': 'sum', 'lr': 9.388115113491833e-05, 'weight_decay': 0.02400842635392368, 'batch_size': 256}. Best is trial 9 with value: 25.670680899161127.[0m

Trial Id: 29 | Model params: 73467 | Timestamp: 2021-08-23 07:36:14.161222

[32m[I 2021-08-23 07:36:30,495][0m Trial 29 pruned. [0m
++++++++++++++++++++
        NaN         
++++++++++++++++++++

Trial Id: 30 | Model params: 61771 | Timestamp: 2021-08-23 07:36:30.495506

epoch 0 -7.63538379009829 84.31237104313102
epoch 5 -1.7138345334791332 47.265272163571
epoch 10 -0.15669488000406018 30.857439582396065
epoch 15 0.04469235546354955 28.042847306463127
epoch 20 0.016736507007005796 28.45020749189457
epoch 25 0.04160050270604221 28.088190978690463
epoch 30 0.060284547149001666 27.813053102955863
epoch 35 0.05302116359309006 27.92033451929631
epoch 40 0.13762366792826952 26.64396749255439
epoch 45 0.14407348602897785 26.544143747345693
epoch 50 0.14884937541163856 26.469984793614397
epoch 55 0.1326060043780286 26.72136790151389
epoch 60 0.12119732252430715 26.89652457611792
epoch 65 0.13616838388646613 26.666439234165267
epoch 70 0.1154264931885165 26.984690712517278
epoch 75 0.05808453384867218 27.84559131185826
epoch 80 0.12387838319108713 26.8554651327198
epoch 85 0.10636713107859308 27.122520608854504
epoch 90 0.05160464117651553 27.94120879825984
epoch 95 0.04639382387317448 28.01786306002352
[32m[I 2021-08-23 08:00:38,966][0m Trial 30 finished with value: 26.67540150422661 and parameters: {'n_layers_fe': 2, 'fe_n_units_l0': 69, 'fe_dropout_l0': 0.4449238943418278, 'fe_n_units_l1': 203, 'fe_dropout_l1': 0.3679500025016693, 'n_units_l(Invariant)': 210, 'n_layers_mlp': 2, 'mlp_n_units_l0': 11, 'mlp_dropout_l0': 0.3207214062590462, 'mlp_n_units_l1': 253, 'mlp_dropout_l1': 0.33260992778681236, 'reduction': 'sum', 'lr': 0.0033752955468929345, 'weight_decay': 0.07054647173066003, 'batch_size': 128}. Best is trial 9 with value: 25.670680899161127.[0m

Trial Id: 31 | Model params: 204553 | Timestamp: 2021-08-23 08:00:38.966737

[32m[I 2021-08-23 08:01:04,437][0m Trial 31 pruned. [0m
epoch 0 -2.938830759375633 56.94218672070549

Trial Id: 32 | Model params: 195953 | Timestamp: 2021-08-23 08:01:04.437214

[32m[I 2021-08-23 08:01:29,469][0m Trial 32 pruned. [0m
epoch 0 0.0393113546451993 28.12171545347102

Trial Id: 33 | Model params: 176319 | Timestamp: 2021-08-23 08:01:29.470015

[32m[I 2021-08-23 08:01:52,754][0m Trial 33 pruned. [0m
epoch 0 -0.9722116765313962 40.29278102224296

Trial Id: 34 | Model params: 217724 | Timestamp: 2021-08-23 08:01:52.754596

[32m[I 2021-08-23 08:02:19,317][0m Trial 34 pruned. [0m
++++++++++++++++++++
        NaN         
++++++++++++++++++++

Trial Id: 35 | Model params: 174077 | Timestamp: 2021-08-23 08:02:19.317730

epoch 0 -10.404206845589606 96.89090750059587
epoch 5 -4.206687085480262 65.46832349604873
epoch 10 -0.9255621277263333 39.81339828524701
epoch 15 -0.42108888247969833 34.202755958982046
epoch 20 0.03164326385434879 28.23372431026094
epoch 25 0.059421113368034684 27.82582782945905
epoch 30 0.12953182387616669 26.76867838120497
epoch 35 0.12561513557684456 26.828833881041003
epoch 40 0.12255749184689502 26.87570193003556
epoch 45 0.08010786102443401 27.518131046017338
epoch 50 0.15268394827595788 26.410291679102464
epoch 55 0.13084229977047057 26.748520883414805
epoch 60 0.07930239932845273 27.530175909641503
epoch 65 0.12378847220694067 26.856843103145206
epoch 70 0.16997911864645077 26.1393623981153
epoch 75 0.1515204646329248 26.428417973952822
epoch 80 0.18075530044541777 25.969124043831936
epoch 85 0.1749003409535691 26.06175660662945
epoch 90 0.1380499957897967 26.637380768471893
epoch 95 0.1660205742296107 26.20162031873103
[32m[I 2021-08-23 08:45:30,767][0m Trial 35 finished with value: 25.969021472085508 and parameters: {'n_layers_fe': 2, 'fe_n_units_l0': 233, 'fe_dropout_l0': 0.36336949590517936, 'fe_n_units_l1': 212, 'fe_dropout_l1': 0.0718121287364477, 'n_units_l(Invariant)': 472, 'n_layers_mlp': 4, 'mlp_n_units_l0': 118, 'mlp_dropout_l0': 0.33327991750196756, 'mlp_n_units_l1': 48, 'mlp_dropout_l1': 0.41068801095598456, 'mlp_n_units_l2': 60, 'mlp_dropout_l2': 0.34001753780276645, 'mlp_n_units_l3': 85, 'mlp_dropout_l3': 0.15361164583923154, 'reduction': 'sum', 'lr': 0.0017100813917392337, 'weight_decay': 0.17141186940505032, 'batch_size': 128}. Best is trial 9 with value: 25.670680899161127.[0m

Trial Id: 36 | Model params: 152983 | Timestamp: 2021-08-23 08:45:30.767836

epoch 0 -8.100194422142271 86.55174259580176
epoch 5 -7.439512582311673 83.35068305878768
epoch 10 -1.243803201348768 42.97766955611093
epoch 15 -0.3150413894226922 32.901840425952614
epoch 20 0.09045580606948456 27.36291640548831
epoch 25 0.1162599361230584 26.97197526281666
epoch 30 0.14200731111907605 26.576162725876166
epoch 35 0.1117519283166265 27.04068053885358
epoch 40 0.15759030448640798 26.333716696760494
epoch 45 0.16465128645148497 26.223121355114866
epoch 50 0.08027125955595837 27.51568694322367
epoch 55 0.16830940559622654 26.165640837487295
epoch 60 0.15981224074916955 26.29896491625151
epoch 65 0.15046270170090303 26.444886428743004
epoch 70 0.12791462906945295 26.793532868077513
epoch 75 0.14039574280927047 26.601110029908217
epoch 80 0.1735648921305425 26.08283895122882
epoch 85 0.17630637695501883 26.039541476648864
epoch 90 0.15676977632831113 26.346538425402557
epoch 95 0.15264604891511813 26.410882321743916
[32m[I 2021-08-23 09:25:00,650][0m Trial 36 finished with value: 26.312635096517972 and parameters: {'n_layers_fe': 2, 'fe_n_units_l0': 256, 'fe_dropout_l0': 0.37087504228322893, 'fe_n_units_l1': 210, 'fe_dropout_l1': 0.07619920808725132, 'n_units_l(Invariant)': 368, 'n_layers_mlp': 4, 'mlp_n_units_l0': 120, 'mlp_dropout_l0': 0.3382606458080327, 'mlp_n_units_l1': 49, 'mlp_dropout_l1': 0.41232445225563613, 'mlp_n_units_l2': 40, 'mlp_dropout_l2': 0.3502190892915839, 'mlp_n_units_l3': 77, 'mlp_dropout_l3': 0.14785675615626817, 'reduction': 'sum', 'lr': 0.0015058512384719766, 'weight_decay': 0.14547920091115987, 'batch_size': 128}. Best is trial 9 with value: 25.670680899161127.[0m

Trial Id: 37 | Model params: 142219 | Timestamp: 2021-08-23 09:25:00.650849

[32m[I 2021-08-23 09:25:25,573][0m Trial 37 pruned. [0m
++++++++++++++++++++
        NaN         
++++++++++++++++++++

Trial Id: 38 | Model params: 95608 | Timestamp: 2021-08-23 09:25:25.574108

epoch 0 -9.689687043454581 93.80650944770596
epoch 5 -7.660835069760774 84.4365275935209
epoch 10 -6.027861631833375 76.06100892100658
epoch 15 -3.5454509109726473 61.17006847876871
epoch 20 -2.6131688416810914 54.53742251093249
epoch 25 -1.426672844934688 44.69470713422836
epoch 30 -0.7295287286321779 37.732394887417485
epoch 35 -0.42138208825216306 34.206284214103626
epoch 40 -0.16123808706966614 30.91798033093575
epoch 45 0.00939439132236819 28.556230050990745
epoch 50 -0.06423337482966263 29.598446542256006
epoch 55 0.04680917774263971 28.011760648149668
epoch 60 -0.030702830142019133 29.1284392475109
epoch 65 -0.014172199867515944 28.89391105459578
epoch 70 -0.07715560468523264 29.77760080247443
epoch 75 -0.036329567560001275 29.2078389530537
epoch 80 -0.02435171212043441 29.03855687897209
epoch 85 0.011895051287904912 28.520163959884886
epoch 90 0.08210418575705103 27.48825528105825
epoch 95 0.00909926942488426 28.56048347996921
[32m[I 2021-08-23 10:04:08,360][0m Trial 38 finished with value: 28.918573693282948 and parameters: {'n_layers_fe': 4, 'fe_n_units_l0': 240, 'fe_dropout_l0': 0.33947070179200717, 'fe_n_units_l1': 164, 'fe_dropout_l1': 0.4323754229037189, 'fe_n_units_l2': 8, 'fe_dropout_l2': 0.4394652318390797, 'fe_n_units_l3': 70, 'fe_dropout_l3': 0.4828854557389234, 'n_units_l(Invariant)': 480, 'n_layers_mlp': 4, 'mlp_n_units_l0': 124, 'mlp_dropout_l0': 0.3397545921630154, 'mlp_n_units_l1': 54, 'mlp_dropout_l1': 0.3106572455438208, 'mlp_n_units_l2': 21, 'mlp_dropout_l2': 0.4331631215782782, 'mlp_n_units_l3': 73, 'mlp_dropout_l3': 0.0521728412054944, 'reduction': 'sum', 'lr': 0.0011097514826318771, 'weight_decay': 0.14677121458290898, 'batch_size': 128}. Best is trial 9 with value: 25.670680899161127.[0m

Trial Id: 39 | Model params: 100575 | Timestamp: 2021-08-23 10:04:08.361176

[32m[I 2021-08-23 10:04:27,104][0m Trial 39 pruned. [0m
epoch 0 -3.2275808331817846 58.99245105025631

Trial Id: 40 | Model params: 113008 | Timestamp: 2021-08-23 10:04:27.104199

[32m[I 2021-08-23 10:04:45,589][0m Trial 40 pruned. [0m
++++++++++++++++++++
        NaN         
++++++++++++++++++++

Trial Id: 41 | Model params: 136814 | Timestamp: 2021-08-23 10:04:45.589396

epoch 0 -8.250625272299143 87.26418261532827
epoch 5 -9.219970966522052 91.72237926476711
epoch 10 -2.227732204916041 51.546505502895585
epoch 15 -0.5045111962541686 35.19234388455575
epoch 20 -0.12995223886956953 30.498643551008932
epoch 25 -0.07521039382262562 29.750701305916078
epoch 30 -0.1234142656010464 30.410282034010887
epoch 35 0.07122260138935166 27.650710802584275
epoch 40 0.11426375876095995 27.00242000512118
epoch 45 0.14078166165078754 26.595138082961284
epoch 50 0.15573223541019354 26.36274230862936
epoch 55 0.15709261741097846 26.34149439410529
epoch 60 0.16234763646515482 26.25925435079581
epoch 65 0.1641593247909403 26.23084200594293
epoch 70 0.1667685687082795 26.189867592465827
epoch 75 0.14016369379894245 26.60470025452525
epoch 80 0.1772320187304719 26.024906142483175
epoch 85 0.16942721886274514 26.148051282623783
epoch 90 0.13297126249810176 26.715741148059486
epoch 95 0.17920633165923538 25.993662723618627
[32m[I 2021-08-23 10:41:43,312][0m Trial 41 finished with value: 26.016670703056853 and parameters: {'n_layers_fe': 2, 'fe_n_units_l0': 256, 'fe_dropout_l0': 0.2930412766050978, 'fe_n_units_l1': 216, 'fe_dropout_l1': 0.08454902664368666, 'n_units_l(Invariant)': 272, 'n_layers_mlp': 4, 'mlp_n_units_l0': 80, 'mlp_dropout_l0': 0.3520513768606856, 'mlp_n_units_l1': 78, 'mlp_dropout_l1': 0.4678116113502514, 'mlp_n_units_l2': 51, 'mlp_dropout_l2': 0.2730124256892023, 'mlp_n_units_l3': 85, 'mlp_dropout_l3': 0.12666615267968606, 'reduction': 'sum', 'lr': 0.0009100209763135121, 'weight_decay': 0.14513021133917936, 'batch_size': 128}. Best is trial 9 with value: 25.670680899161127.[0m

Trial Id: 42 | Model params: 141010 | Timestamp: 2021-08-23 10:41:43.312749

[32m[I 2021-08-23 10:42:06,215][0m Trial 42 pruned. [0m
epoch 0 -2.9539103811605067 57.051082789150335

Trial Id: 43 | Model params: 151098 | Timestamp: 2021-08-23 10:42:06.215255

[32m[I 2021-08-23 10:42:29,177][0m Trial 43 pruned. [0m
epoch 0 -3.1192612186233957 58.23179095368085

Trial Id: 44 | Model params: 163069 | Timestamp: 2021-08-23 10:42:29.178108

epoch 0 -9.530620246913903 93.10595445285841
epoch 5 0.08466694448707901 27.449854950167847
epoch 10 0.14471826374359298 26.53414388373919
epoch 15 0.1683748129955328 26.164611933120984
epoch 20 0.15952626812966553 26.303440192138236
epoch 25 0.16640759491765444 26.195539985359385
epoch 30 0.15964368984039534 26.301602714825176
epoch 35 0.15585538736967042 26.360819493432444
epoch 40 0.1657551020924919 26.205790233763093
epoch 45 0.1613407652012846 26.27503162864322
epoch 50 0.16862860131638768 26.16061928131404
epoch 55 0.13301097990816613 26.715129235124888
epoch 60 0.15738067764464425 26.336992959199975
epoch 65 0.17371120735170653 26.080529946418796
epoch 70 0.16430195682768534 26.228603829364264
epoch 75 0.13176178136927819 26.734368514469427
epoch 80 0.15064055567045354 26.442118113434244
epoch 85 0.1371995877590907 26.650517874938945
epoch 90 0.15370214591518394 26.39441862915592
epoch 95 0.1619534861282712 26.26543166082796
[32m[I 2021-08-23 11:21:53,152][0m Trial 44 finished with value: 26.727117094623367 and parameters: {'n_layers_fe': 2, 'fe_n_units_l0': 255, 'fe_dropout_l0': 0.2738209125027634, 'fe_n_units_l1': 197, 'fe_dropout_l1': 0.15857188541334447, 'n_units_l(Invariant)': 380, 'n_layers_mlp': 4, 'mlp_n_units_l0': 149, 'mlp_dropout_l0': 0.31935043770970006, 'mlp_n_units_l1': 48, 'mlp_dropout_l1': 0.470937701703911, 'mlp_n_units_l2': 93, 'mlp_dropout_l2': 0.33431002296162293, 'mlp_n_units_l3': 142, 'mlp_dropout_l3': 0.18025550053157685, 'reduction': 'sum', 'lr': 0.0021620606809630138, 'weight_decay': 0.14001274768719543, 'batch_size': 128}. Best is trial 9 with value: 25.670680899161127.[0m

Trial Id: 45 | Model params: 93076 | Timestamp: 2021-08-23 11:21:53.152256

[32m[I 2021-08-23 11:22:10,692][0m Trial 45 pruned. [0m
epoch 0 -4.947509526151537 69.97099567371146

Trial Id: 46 | Model params: 183144 | Timestamp: 2021-08-23 11:22:10.692781

[32m[I 2021-08-23 11:22:36,533][0m Trial 46 pruned. [0m
epoch 0 -3.4174354508381057 60.30253741470825

Trial Id: 47 | Model params: 112140 | Timestamp: 2021-08-23 11:22:36.533869

[32m[I 2021-08-23 11:22:56,554][0m Trial 47 pruned. [0m
epoch 0 -1.523742485991666 45.579861394089036

Trial Id: 48 | Model params: 224655 | Timestamp: 2021-08-23 11:22:56.554226

[32m[I 2021-08-23 11:23:27,100][0m Trial 48 pruned. [0m
epoch 0 -5.2770034354808475 71.88307779667299

Trial Id: 49 | Model params: 146778 | Timestamp: 2021-08-23 11:23:27.100514

