[32m[I 2021-08-23 11:23:51,620][0m Trial 49 pruned. [0m
epoch 0 -7.15906940402663 81.954120586417

Study statistics: 
  Number of finished trials:  50
  Number of pruned trials:  32
  Number of complete trials:  18

Best trial:
  Value:  25.670680899161127
  Params: 
    n_layers_fe: 2
    fe_n_units_l0: 108
    fe_dropout_l0: 0.3200770440998105
    fe_n_units_l1: 92
    fe_dropout_l1: 0.27634098229074394
    n_units_l(Invariant): 493
    n_layers_mlp: 4
    mlp_n_units_l0: 174
    mlp_dropout_l0: 0.4076364323763403
    mlp_n_units_l1: 116
    mlp_dropout_l1: 0.3244745094949265
    mlp_n_units_l2: 21
    mlp_dropout_l2: 0.22220467243992226
    mlp_n_units_l3: 47
    mlp_dropout_l3: 0.19145652950316738
    reduction: sum
    lr: 0.0033982461411864624
    weight_decay: 0.006718087764096936
    batch_size: 128
Target 19505 0 314.0 1.0 153.38815688285055
[166. 146. 114. ... 168. 134. 150.]
Prediction 19505 0 182.63926696777344 36.04914855957031 152.09582385386116
[166.71308899 140.50054932 159.87460327 ... 148.97776794 142.07983398
 136.76513672]

 XXXXXX======== TRIAL north - qso ended

Test Set - R-squared:  0.1945514728964246
Test Set - RMSE:  26.072144046859968
Test Set - MAE:  20.2979790723498



[32m[I 2021-08-23 11:24:22,328][0m A new study created in memory with name: DeepSet[0m
Starting Loading north
Finished Loading north
Finished north setup

++++++++ Session Characteristics +++++++

Area: north
Gal Type: lrg
Training Set: 62405
Validation Set: 15602
Test Samples: 19505
Number of features: 6
Device: cuda:0
Number of Workers: 8
Number of Trials: 50

+++++++++++++++++++++++++++++++++++++++

Trial Id: 0 | Model params: 21672 | Timestamp: 2021-08-23 11:24:22.329037

epoch 0 -0.7242682394733517 15.487281112278923
epoch 5 -0.3193404707703573 13.547251997135733
epoch 10 -0.25808719747207975 13.229034178088236
epoch 15 -0.227390107831704 13.066644525822484
epoch 20 -0.1794211164307733 12.80876378480189
epoch 25 -0.12173081533128216 12.491571908358164
epoch 30 -0.08789106022819015 12.30170961004014
epoch 35 -0.02236168739600397 11.92545752955222
epoch 40 -0.03602058294290256 12.004856108074746
epoch 45 -0.014182688447746283 11.877659294753766
epoch 50 -0.021222163595790988 11.918809622245407
epoch 55 -0.00023932531362480525 11.795727460295746
epoch 60 0.010378324211656631 11.732953962244911
epoch 65 0.020327636246466718 11.67382545386699
epoch 70 0.005573762641320701 11.761400916400602
epoch 75 0.013984471204040338 11.711557213972979
epoch 80 0.022823367310451315 11.658946342814502
epoch 85 0.0235731791642666 11.654472385131996
epoch 90 0.022109831680037217 11.663202254824208
epoch 95 0.023440293608449125 11.655265408387164
[32m[I 2021-08-23 11:40:49,420][0m Trial 0 finished with value: 11.656280461790152 and parameters: {'n_layers_fe': 2, 'fe_n_units_l0': 146, 'fe_dropout_l0': 0.19827341804861376, 'fe_n_units_l1': 10, 'fe_dropout_l1': 0.32998083918091076, 'n_units_l(Invariant)': 229, 'n_layers_mlp': 2, 'mlp_n_units_l0': 80, 'mlp_dropout_l0': 0.0914263518763353, 'mlp_n_units_l1': 135, 'mlp_dropout_l1': 0.3103240151048189, 'reduction': 'sum', 'lr': 9.293626638320836e-05, 'weight_decay': 0.1333408298641879, 'batch_size': 256}. Best is trial 0 with value: 11.656280461790152.[0m

Trial Id: 1 | Model params: 95075 | Timestamp: 2021-08-23 11:40:49.421137

[32m[I 2021-08-23 11:41:01,225][0m Trial 1 pruned. [0m
++++++++++++++++++++
        NaN         
++++++++++++++++++++

Trial Id: 2 | Model params: 82309 | Timestamp: 2021-08-23 11:41:01.225953

[32m[I 2021-08-23 11:41:15,523][0m Trial 2 pruned. [0m
++++++++++++++++++++
        NaN         
++++++++++++++++++++

Trial Id: 3 | Model params: 64610 | Timestamp: 2021-08-23 11:41:15.523369

[32m[I 2021-08-23 11:41:31,348][0m Trial 3 pruned. [0m
++++++++++++++++++++
        NaN         
++++++++++++++++++++

Trial Id: 4 | Model params: 35017 | Timestamp: 2021-08-23 11:41:31.348656

epoch 0 -0.3275058575229801 13.589109246162822
epoch 5 -1.3218813632457964 17.97184978100078
epoch 10 -0.9376702481446548 16.417714628097105
epoch 15 -0.8245415342038966 15.931242344347929
epoch 20 -1.4399576497062339 18.423150979904758
epoch 25 -1.6613544787592667 19.240844472887858
epoch 30 -1.7195445352136853 19.45005593562227
epoch 35 -1.4767334572610804 18.561471483792587
epoch 40 -1.5007285587763555 18.651168427465375
epoch 45 -1.6046598835707266 19.034798229514962
epoch 50 -1.5382814621756289 18.790686893717083
epoch 55 -1.3179837953768332 17.95675944832682
epoch 60 -1.367624834660421 18.148018378633527
epoch 65 -1.4401003745761702 18.423689801424196
epoch 70 -1.407762577006706 18.301201262042156
epoch 75 -1.2127885008157184 17.544569653059686
epoch 80 -1.3465460515442436 18.067052556670205
epoch 85 -1.3476494109502326 18.071299673318755
epoch 90 -1.2079832414943996 17.525509533638036
epoch 95 -1.2081024365742032 17.52598257307887
[32m[I 2021-08-23 12:04:21,765][0m Trial 4 finished with value: 17.9729115940777 and parameters: {'n_layers_fe': 2, 'fe_n_units_l0': 242, 'fe_dropout_l0': 0.058714525135883266, 'fe_n_units_l1': 21, 'fe_dropout_l1': 0.18889938607575724, 'n_units_l(Invariant)': 334, 'n_layers_mlp': 2, 'mlp_n_units_l0': 76, 'mlp_dropout_l0': 0.45919935965509423, 'mlp_n_units_l1': 198, 'mlp_dropout_l1': 0.24053272465565, 'reduction': 'sum', 'lr': 0.00023778312443412117, 'weight_decay': 0.28018351063454006, 'batch_size': 128}. Best is trial 0 with value: 11.656280461790152.[0m

Trial Id: 5 | Model params: 197326 | Timestamp: 2021-08-23 12:04:21.765638

epoch 0 0.006516877314516445 11.755822332182332
epoch 5 -0.10722492253374472 12.41054042114409
epoch 10 -0.011329145419598063 11.860937807192824
epoch 15 -0.08099125887373715 12.262636596128347
epoch 20 -0.07462728621125336 12.226487237849256
epoch 25 -0.05329960387516164 12.104552195057183
epoch 30 0.00904287093922862 11.740867859852784
epoch 35 0.00020173899690545394 11.793126458747656
epoch 40 -0.07608962878198167 12.234803253384634
epoch 45 -0.019997184762244435 11.911659037876817
epoch 50 -0.029591872213175385 11.96755190577402
epoch 55 -0.0025971748763036206 11.809622224723823
epoch 60 -0.024996679562120372 11.9408157272481
epoch 65 -0.027937827623968126 11.957935075289877
epoch 70 -0.001184845186066985 11.801301356436944
epoch 75 -0.05090729440946706 12.090798133047533
epoch 80 -8.91144034099475 37.131385335746266
epoch 85 -0.025410787869195373 11.943227584647168
epoch 90 -0.03167293503263191 11.979640508919232
epoch 95 -0.023761877887731542 11.933621078295301
[32m[I 2021-08-23 12:38:26,269][0m Trial 5 finished with value: 11.731569601617215 and parameters: {'n_layers_fe': 2, 'fe_n_units_l0': 108, 'fe_dropout_l0': 0.45997644609948063, 'fe_n_units_l1': 178, 'fe_dropout_l1': 0.3168206112758569, 'n_units_l(Invariant)': 361, 'n_layers_mlp': 4, 'mlp_n_units_l0': 160, 'mlp_dropout_l0': 0.16800518675942816, 'mlp_n_units_l1': 234, 'mlp_dropout_l1': 0.09756170161061117, 'mlp_n_units_l2': 251, 'mlp_dropout_l2': 0.10872734428049274, 'mlp_n_units_l3': 19, 'mlp_dropout_l3': 0.22745366553077012, 'reduction': 'sum', 'lr': 0.00875312479980779, 'weight_decay': 0.1224759772598883, 'batch_size': 32}. Best is trial 0 with value: 11.656280461790152.[0m

Trial Id: 6 | Model params: 167172 | Timestamp: 2021-08-23 12:38:26.269336

epoch 0 0.0026981421774805447 11.778394087222127
epoch 5 0.010950461999797323 11.729561839268154
epoch 10 0.011527141053270573 11.726141798797057
epoch 15 -0.004189643170539492 11.818997369389276
epoch 20 -0.0014213321543965485 11.802695049723518
epoch 25 -0.004449467665839313 11.820526296934869
epoch 30 -0.000140415786994863 11.795144230545612
epoch 35 -3.3560688492695334e-06 11.79433599676751
epoch 40 -0.00019920744416479508 11.795490904809695
epoch 45 -3.1828327455851735e-05 11.794503900701166
epoch 50 -0.0040723183351099035 11.818306910950533
epoch 55 -0.004577443368914524 11.821279292496731
epoch 60 -0.011908142409571498 11.864332579645904
epoch 65 -3.471848663672006e-06 11.794336679538214
epoch 70 -8.125100539047025e-07 11.794320997014779
epoch 75 -0.0019718369913257483 11.805938713405064
epoch 80 -0.0004927362014333081 11.797221590945242
epoch 85 -0.0022871737057312824 11.807796327024068
epoch 90 -0.00034122716769102723 11.796328304441271
epoch 95 -0.0010861037243616867 11.800719392734518
[32m[I 2021-08-23 13:27:46,079][0m Trial 6 finished with value: 11.795817796700646 and parameters: {'n_layers_fe': 4, 'fe_n_units_l0': 87, 'fe_dropout_l0': 0.14392433953290795, 'fe_n_units_l1': 235, 'fe_dropout_l1': 0.06648003353937809, 'fe_n_units_l2': 202, 'fe_dropout_l2': 0.18421078068946395, 'fe_n_units_l3': 152, 'fe_dropout_l3': 0.17747186857677116, 'n_units_l(Invariant)': 372, 'n_layers_mlp': 4, 'mlp_n_units_l0': 41, 'mlp_dropout_l0': 0.36137723446212944, 'mlp_n_units_l1': 27, 'mlp_dropout_l1': 0.2563714019914614, 'mlp_n_units_l2': 50, 'mlp_dropout_l2': 0.30187195338957146, 'mlp_n_units_l3': 92, 'mlp_dropout_l3': 0.47109105957028535, 'reduction': 'sum', 'lr': 0.006943649703263, 'weight_decay': 0.08684622239530311, 'batch_size': 128}. Best is trial 0 with value: 11.656280461790152.[0m

Trial Id: 7 | Model params: 100501 | Timestamp: 2021-08-23 13:27:46.079785

[32m[I 2021-08-23 13:28:07,816][0m Trial 7 pruned. [0m
++++++++++++++++++++
        NaN         
++++++++++++++++++++

Trial Id: 8 | Model params: 62733 | Timestamp: 2021-08-23 13:28:07.817196

epoch 0 -0.6130356094283373 14.979411260871089
epoch 5 -0.3867618789514362 13.889087514470322
epoch 10 -0.19712928655738216 12.904562780071252
epoch 15 -0.16809113149413957 12.747092295997295
epoch 20 -0.07999758015596026 12.256999213574677
epoch 25 -0.032060256273996224 11.98188905768938
epoch 30 0.007867022090167208 11.747831527936132
epoch 35 0.017751615605425708 11.689163373977367
epoch 40 0.019029532399921223 11.6815570291127
epoch 45 0.019282053684858025 11.680053399926146
epoch 50 0.019605106027594355 11.678129513750783
epoch 55 0.019359930817377857 11.679589644200954
epoch 60 0.018360875310056923 11.68553758999485
epoch 65 0.018107844417477814 11.687043546419071
epoch 70 0.018383282638378518 11.685404219612062
epoch 75 0.019839883209875175 11.676731137177377
epoch 80 0.018791868419043234 11.682972014223246
epoch 85 0.019365694491810803 11.679555320980207
epoch 90 -0.0021091021168651025 11.806747362960865
epoch 95 -0.0006410196153310288 11.79809579393354
[32m[I 2021-08-23 13:52:05,202][0m Trial 8 finished with value: 11.707447086271126 and parameters: {'n_layers_fe': 4, 'fe_n_units_l0': 177, 'fe_dropout_l0': 0.019420714776419934, 'fe_n_units_l1': 72, 'fe_dropout_l1': 0.37154616784591316, 'fe_n_units_l2': 102, 'fe_dropout_l2': 0.14444657306571168, 'fe_n_units_l3': 18, 'fe_dropout_l3': 0.3932232495164358, 'n_units_l(Invariant)': 187, 'n_layers_mlp': 2, 'mlp_n_units_l0': 243, 'mlp_dropout_l0': 0.46804099917022407, 'mlp_n_units_l1': 79, 'mlp_dropout_l1': 0.2226139754667616, 'reduction': 'sum', 'lr': 0.00010281083542272075, 'weight_decay': 0.16122213450426726, 'batch_size': 256}. Best is trial 0 with value: 11.656280461790152.[0m

Trial Id: 9 | Model params: 117246 | Timestamp: 2021-08-23 13:52:05.202225

[32m[I 2021-08-23 13:52:27,316][0m Trial 9 pruned. [0m
epoch 0 -0.056301704957694154 12.12179004108289

Trial Id: 10 | Model params: 99406 | Timestamp: 2021-08-23 13:52:27.316882

epoch 0 -0.6895459481527082 15.330551224552423
epoch 5 -0.27751402504733713 13.33078135433731
epoch 10 -0.22536878412221517 13.05588071027793
epoch 15 -0.2148275360658174 12.999602739248632
epoch 20 -0.19923431292676264 12.915903457420129
epoch 25 -0.1862567696058144 12.845828480328004
epoch 30 -0.17820572815298408 12.80216239629052
epoch 35 -0.1741929027275373 12.780342497354672
epoch 40 -0.17463858108982988 12.782767729918659
epoch 45 -0.1885641863260994 12.8583157767048
epoch 50 -0.1868852625395132 12.849230966010998
epoch 55 -0.19188665627779877 12.876275073517402
epoch 60 -0.16186256626508588 12.713061466989055
epoch 65 -0.16425330000135085 12.726134409904198
epoch 70 -0.1248274569805865 12.508802094886905
epoch 75 -0.16021035738159606 12.704019043923886
epoch 80 -0.11185575285057436 12.436466111381305
epoch 85 -0.11013630829991405 12.426846119061477
epoch 90 -0.08282148856752691 12.273013160095173
epoch 95 -0.09281105804572776 12.329495530164992
[32m[I 2021-08-23 14:26:11,923][0m Trial 10 finished with value: 12.21621859326915 and parameters: {'n_layers_fe': 2, 'fe_n_units_l0': 256, 'fe_dropout_l0': 0.1953942772662147, 'fe_n_units_l1': 127, 'fe_dropout_l1': 0.48009885101627436, 'n_units_l(Invariant)': 455, 'n_layers_mlp': 2, 'mlp_n_units_l0': 26, 'mlp_dropout_l0': 0.042019281391846325, 'mlp_n_units_l1': 162, 'mlp_dropout_l1': 0.34157948509442815, 'reduction': 'sum', 'lr': 5.351463685982478e-05, 'weight_decay': 0.09517493259035202, 'batch_size': 256}. Best is trial 0 with value: 11.656280461790152.[0m

Trial Id: 11 | Model params: 41657 | Timestamp: 2021-08-23 14:26:11.924076

epoch 0 -0.7016320816238766 15.385286908578252
epoch 5 -0.5303929081523122 14.590636545959304
epoch 10 -0.3972421619538151 13.941471268447751
epoch 15 -0.4812727380935111 14.354573125304086
epoch 20 -0.30490928052748534 13.472957100903049
epoch 25 -0.15798475419019198 12.691828290087658
epoch 30 -0.15918738536806631 12.698417162431257
epoch 35 -0.03965362063219735 12.02588654253939
epoch 40 0.006576886969135498 11.755467281615694
epoch 45 0.002314323806685392 11.780660366541525
epoch 50 0.007420477080922194 11.750474996859912
epoch 55 -0.005257496110122162 11.825279846847547
epoch 60 0.020742695289163948 11.671352259607367
epoch 65 0.020458079569508514 11.673048243376115
epoch 70 0.013633612381117488 11.713640719548218
epoch 75 0.015494743248415044 11.702584527876963
epoch 80 0.022048953769942536 11.6635652916718
epoch 85 0.02050813681663488 11.672749977363331
epoch 90 0.022652126869909917 11.659967854986888
epoch 95 0.024002800443495564 11.651908158037937
[32m[I 2021-08-23 14:40:13,779][0m Trial 11 finished with value: 11.665036026461545 and parameters: {'n_layers_fe': 2, 'fe_n_units_l0': 139, 'fe_dropout_l0': 0.3166708647947172, 'fe_n_units_l1': 12, 'fe_dropout_l1': 0.39482472326369067, 'n_units_l(Invariant)': 149, 'n_layers_mlp': 2, 'mlp_n_units_l0': 245, 'mlp_dropout_l0': 0.003983150211939762, 'mlp_n_units_l1': 83, 'mlp_dropout_l1': 0.25322805462646025, 'reduction': 'sum', 'lr': 8.628531419811489e-05, 'weight_decay': 0.1653573781899025, 'batch_size': 256}. Best is trial 0 with value: 11.656280461790152.[0m

Trial Id: 12 | Model params: 39444 | Timestamp: 2021-08-23 14:40:13.779996

epoch 0 -0.7562970995399894 15.630459989658839
epoch 5 -0.5268127751527929 14.573560210601965
epoch 10 -0.5287538146094 14.582820963119865
epoch 15 -0.5858851285738471 14.852810164746623
epoch 20 -0.5755391712819729 14.804282696024497
epoch 25 -0.4435138194757964 14.170436882833853
epoch 30 -0.3328582315754214 13.616476669306929
epoch 35 -0.2037427848761546 12.940159085030537
epoch 40 -0.1566282462906181 12.684392263721428
epoch 45 -0.08398320403581083 12.279595005436313
epoch 50 -0.009398362362906365 11.849610219809591
epoch 55 -0.028699665470608204 11.962365460065307
epoch 60 0.0051680580712210045 11.763799871365508
epoch 65 0.010035668914349039 11.73498504693906
epoch 70 0.014011563266402183 11.711396317714934
epoch 75 0.0027337010327898037 11.778184105689846
epoch 80 0.017932324657707777 11.688088068162637
epoch 85 0.01649308996997456 11.696649465471996
epoch 90 0.015242026882986037 11.70408642176901
epoch 95 0.015112375689613322 11.704856864289198
[32m[I 2021-08-23 14:52:15,855][0m Trial 12 finished with value: 11.684595354389561 and parameters: {'n_layers_fe': 2, 'fe_n_units_l0': 134, 'fe_dropout_l0': 0.3385040821466053, 'fe_n_units_l1': 8, 'fe_dropout_l1': 0.4034351735672161, 'n_units_l(Invariant)': 95, 'n_layers_mlp': 2, 'mlp_n_units_l0': 254, 'mlp_dropout_l0': 0.00019915322853640387, 'mlp_n_units_l1': 76, 'mlp_dropout_l1': 0.33431087653842423, 'reduction': 'sum', 'lr': 5.349246098838995e-05, 'weight_decay': 0.15181347287853816, 'batch_size': 256}. Best is trial 0 with value: 11.656280461790152.[0m

Trial Id: 13 | Model params: 41625 | Timestamp: 2021-08-23 14:52:15.855477

[32m[I 2021-08-23 14:52:23,903][0m Trial 13 pruned. [0m
epoch 0 -0.6479346319003765 15.140588544352674

Trial Id: 14 | Model params: 62174 | Timestamp: 2021-08-23 14:52:23.903853

epoch 0 -6.842088746954642 33.028484250698206
epoch 5 -0.5789015159008493 14.820071123327853
epoch 10 -0.49270555295285257 14.409862648557311
epoch 15 -0.36350780742932187 13.772144842355493
epoch 20 -0.35441900232057777 13.726167243331515
epoch 25 -0.36568160036028297 13.78311869532777
epoch 30 -0.37064154901817936 13.808125110437436
epoch 35 -0.42528194749209813 14.080664777808416
epoch 40 -0.5036801347683466 14.46273731260099
epoch 45 -0.5886856654232258 14.86591877329584
epoch 50 -0.6038906575850391 14.936888732719808
epoch 55 -0.5877872984799137 14.861715003214176
epoch 60 -0.5165093896042401 14.524303616569592
epoch 65 -0.5464527849596588 14.666993500688385
epoch 70 -0.4811768102476417 14.354108313680465
epoch 75 -0.3774711009627756 13.842483519929736
epoch 80 -0.3536713427710234 13.722378195534976
epoch 85 -0.3624141241455736 13.766620346586661
epoch 90 -0.4182058430031068 14.04566811293392
epoch 95 -0.268653393430915 13.284470837336515
[32m[I 2021-08-23 15:09:11,510][0m Trial 14 finished with value: 13.330857550247183 and parameters: {'n_layers_fe': 2, 'fe_n_units_l0': 86, 'fe_dropout_l0': 0.379136292502366, 'fe_n_units_l1': 37, 'fe_dropout_l1': 0.349574874626823, 'n_units_l(Invariant)': 247, 'n_layers_mlp': 2, 'mlp_n_units_l0': 205, 'mlp_dropout_l0': 0.0012199255490613552, 'mlp_n_units_l1': 169, 'mlp_dropout_l1': 0.1409421287260169, 'reduction': 'sum', 'lr': 1.051437743289526e-05, 'weight_decay': 0.1093033435343576, 'batch_size': 256}. Best is trial 0 with value: 11.656280461790152.[0m

Trial Id: 15 | Model params: 34826 | Timestamp: 2021-08-23 15:09:11.511248

[32m[I 2021-08-23 15:09:21,769][0m Trial 15 pruned. [0m
++++++++++++++++++++
        NaN         
++++++++++++++++++++

Trial Id: 16 | Model params: 31706 | Timestamp: 2021-08-23 15:09:21.769973

[32m[I 2021-08-23 15:09:31,180][0m Trial 16 pruned. [0m
++++++++++++++++++++
        NaN         
++++++++++++++++++++

Trial Id: 17 | Model params: 31936 | Timestamp: 2021-08-23 15:09:31.180749

epoch 0 -4.224946442563768 26.959615166826286
epoch 5 -0.6154782165461747 14.990748572735619
epoch 10 -0.39190077083884534 13.914797955366302
epoch 15 -0.3341452375291467 13.623049108056858
epoch 20 -0.3325478021429369 13.614890903779422
epoch 25 -0.41433652807315635 14.026494509437002
epoch 30 -0.3448545960713989 13.67761682102581
epoch 35 -0.43396963428641144 14.123513338751609
epoch 40 -0.4567866630802282 14.235435091205492
epoch 45 -0.4324672646425052 14.116112799079117
epoch 50 -0.5568721381594284 14.716320593098832
epoch 55 -0.6056501870177813 14.945079656185928
epoch 60 -0.7146397334963883 15.443979225305425
epoch 65 -0.7593374377475834 15.643983139055509
epoch 70 -0.8361073067453826 15.981656665448318
epoch 75 -0.8214666517995968 15.917812298372722
epoch 80 -1.1136136768721094 17.14689831104009
epoch 85 -1.4044083877826714 18.288449364027127
epoch 90 -1.3589155515501838 18.114608978708045
epoch 95 -1.7200674635059747 19.45192582514202
[32m[I 2021-08-23 15:29:14,075][0m Trial 17 finished with value: 18.836571380695254 and parameters: {'n_layers_fe': 2, 'fe_n_units_l0': 90, 'fe_dropout_l0': 0.40564732418056504, 'fe_n_units_l1': 99, 'fe_dropout_l1': 0.4046826094244209, 'n_units_l(Invariant)': 209, 'n_layers_mlp': 2, 'mlp_n_units_l0': 9, 'mlp_dropout_l0': 0.007140083736455291, 'mlp_n_units_l1': 53, 'mlp_dropout_l1': 0.2911996993249386, 'reduction': 'sum', 'lr': 3.1189688436213895e-05, 'weight_decay': 0.12926616271068445, 'batch_size': 256}. Best is trial 0 with value: 11.656280461790152.[0m

Trial Id: 18 | Model params: 38780 | Timestamp: 2021-08-23 15:29:14.075425

epoch 0 -8.91144034099475 37.131385335746266
epoch 5 -8.91144034099475 37.131385335746266
epoch 10 -0.4185490402224994 14.047367493412064
epoch 15 -0.03766394426440223 12.01437353433851
epoch 20 0.004895088742805198 11.765413679773834
epoch 25 -0.0053478356031453345 11.82581118622598
epoch 30 -0.010170634975876558 11.854142315420312
epoch 35 -0.05875407601052118 12.135853207322212
epoch 40 -0.0033476898911415365 11.814041567277368
epoch 45 -0.009768774215065834 11.851784204647783
epoch 50 0.0028307433442127383 11.777611034075003
epoch 55 -0.0009356790934138548 11.799832762932667
epoch 60 -0.001348664053123505 11.802266810893586
epoch 65 0.004527070993950333 11.767589068898085
epoch 70 0.007178712874518878 11.751905950869483
epoch 75 -0.008057038285395723 11.841734512961201
epoch 80 0.002045197932110887 11.78224917693506
epoch 85 -0.003360392405748147 11.814116350705943
epoch 90 -0.000390461378971807 11.796618593273884
epoch 95 -0.001793847441354579 11.80489006764021
