[32m[I 2021-08-23 01:45:02,582][0m Trial 30 finished with value: 19.650268255167102 and parameters: {'n_layers_fe': 2, 'fe_n_units_l0': 187, 'fe_dropout_l0': 0.23695739332250065, 'fe_n_units_l1': 124, 'fe_dropout_l1': 0.2856446607419498, 'n_units_l(Invariant)': 1, 'n_layers_mlp': 4, 'mlp_n_units_l0': 255, 'mlp_dropout_l0': 0.18814273403434784, 'mlp_n_units_l1': 224, 'mlp_dropout_l1': 0.427688444001643, 'mlp_n_units_l2': 240, 'mlp_dropout_l2': 0.08790991047053442, 'mlp_n_units_l3': 106, 'mlp_dropout_l3': 0.08282200802247852, 'reduction': 'sum', 'lr': 0.00018283856830593944, 'weight_decay': 0.06132393329240344, 'batch_size': 32}. Best is trial 5 with value: 18.88278141811109.[0m

Trial Id: 31 | Model params: 197983 | Timestamp: 2021-08-23 01:45:02.582493

[32m[I 2021-08-23 01:45:21,963][0m Trial 31 pruned. [0m
epoch 0 -0.15732990081347342 23.842776653432246

Trial Id: 32 | Model params: 152779 | Timestamp: 2021-08-23 01:45:21.963660

[32m[I 2021-08-23 01:45:42,039][0m Trial 32 pruned. [0m
epoch 0 -0.5943643994054448 27.984789074696852

Trial Id: 33 | Model params: 180399 | Timestamp: 2021-08-23 01:45:42.039480

[32m[I 2021-08-23 01:46:01,309][0m Trial 33 pruned. [0m
epoch 0 -0.21420743739854298 24.421632299496682

Trial Id: 34 | Model params: 130342 | Timestamp: 2021-08-23 01:46:01.309248

[32m[I 2021-08-23 01:46:22,770][0m Trial 34 pruned. [0m
++++++++++++++++++++
        NaN         
++++++++++++++++++++

Trial Id: 35 | Model params: 96545 | Timestamp: 2021-08-23 01:46:22.770361

[32m[I 2021-08-23 01:46:36,374][0m Trial 35 pruned. [0m
epoch 0 -2.0564947959022337 38.747177660687235

Trial Id: 36 | Model params: 262047 | Timestamp: 2021-08-23 01:46:36.374335

[32m[I 2021-08-23 01:47:00,610][0m Trial 36 pruned. [0m
epoch 0 -0.7334494603249317 29.179902453505225

Trial Id: 37 | Model params: 120943 | Timestamp: 2021-08-23 01:47:00.610465

[32m[I 2021-08-23 01:47:15,242][0m Trial 37 pruned. [0m
++++++++++++++++++++
        NaN         
++++++++++++++++++++

Trial Id: 38 | Model params: 104609 | Timestamp: 2021-08-23 01:47:15.242308

[32m[I 2021-08-23 01:47:30,055][0m Trial 38 pruned. [0m
++++++++++++++++++++
        NaN         
++++++++++++++++++++

Trial Id: 39 | Model params: 247736 | Timestamp: 2021-08-23 01:47:30.055605

[32m[I 2021-08-23 01:47:53,018][0m Trial 39 pruned. [0m
epoch 0 -2.3802614922682457 40.747727456666055

Trial Id: 40 | Model params: 54302 | Timestamp: 2021-08-23 01:47:53.018298

[32m[I 2021-08-23 01:48:10,533][0m Trial 40 pruned. [0m
++++++++++++++++++++
        NaN         
++++++++++++++++++++

Trial Id: 41 | Model params: 28875 | Timestamp: 2021-08-23 01:48:10.533567

epoch 0 -5.640704431384573 57.11304549728629
epoch 5 -1.6837068584013926 36.3074528235051
epoch 10 -1.5121625639057612 35.127893988060855
epoch 15 -1.542058151919131 35.33629275425041
epoch 20 -1.2065417617042566 32.921856640265865
epoch 25 -1.2332194828831318 33.120276038090005
epoch 30 -0.9794325733038702 31.181614644345533
epoch 35 -1.230956411315188 33.10349028234667
epoch 40 -1.049480802758274 31.72854604177542
epoch 45 -1.7424556606529817 36.70270314150574
epoch 50 -2.23495917377168 39.86232684471442
epoch 55 -1.8111649628730437 37.15963242236865
epoch 60 -2.1496886558080215 39.33345145636908
epoch 65 -1.950556656352239 38.0697673577197
epoch 70 -1.5812487295189785 35.60763842786869
epoch 75 -1.7114074372388304 36.49435019623975
epoch 80 -2.0740318185953273 38.85817706879767
epoch 85 -1.5392201433831127 35.31656214619414
epoch 90 -2.0597966798591414 38.76810099917468
epoch 95 -2.0075439628453062 38.435650521928444
[32m[I 2021-08-23 02:16:50,048][0m Trial 41 finished with value: 35.526664262004445 and parameters: {'n_layers_fe': 2, 'fe_n_units_l0': 55, 'fe_dropout_l0': 0.41227351703454274, 'fe_n_units_l1': 122, 'fe_dropout_l1': 0.047659441767887945, 'n_units_l(Invariant)': 144, 'n_layers_mlp': 2, 'mlp_n_units_l0': 12, 'mlp_dropout_l0': 0.2645904770027395, 'mlp_n_units_l1': 214, 'mlp_dropout_l1': 0.1928975037241799, 'reduction': 'sum', 'lr': 0.0009827923535762812, 'weight_decay': 0.24261351888083527, 'batch_size': 32}. Best is trial 5 with value: 18.88278141811109.[0m

Trial Id: 42 | Model params: 16519 | Timestamp: 2021-08-23 02:16:50.048502

[32m[I 2021-08-23 02:17:06,649][0m Trial 42 pruned. [0m
epoch 0 -0.6317267007040936 28.310787747786517

Trial Id: 43 | Model params: 58100 | Timestamp: 2021-08-23 02:17:06.649981

[32m[I 2021-08-23 02:17:23,833][0m Trial 43 pruned. [0m
epoch 0 -2.0864355480582297 38.93649458769761

Trial Id: 44 | Model params: 57312 | Timestamp: 2021-08-23 02:17:23.833545

[32m[I 2021-08-23 02:17:41,101][0m Trial 44 pruned. [0m
epoch 0 0.03120774446885033 21.81441509873164

Trial Id: 45 | Model params: 28016 | Timestamp: 2021-08-23 02:17:41.101327

[32m[I 2021-08-23 02:17:59,054][0m Trial 45 pruned. [0m
epoch 0 -1.072969353581211 31.90984425519947

Trial Id: 46 | Model params: 162565 | Timestamp: 2021-08-23 02:17:59.054241

[32m[I 2021-08-23 02:18:20,612][0m Trial 46 pruned. [0m
epoch 0 -0.30499554912359805 25.318196076287197

Trial Id: 47 | Model params: 51970 | Timestamp: 2021-08-23 02:18:20.612929

[32m[I 2021-08-23 02:18:29,342][0m Trial 47 pruned. [0m
epoch 0 -2.130317793742869 39.21231282403449

Trial Id: 48 | Model params: 112941 | Timestamp: 2021-08-23 02:18:29.342521

[32m[I 2021-08-23 02:18:39,614][0m Trial 48 pruned. [0m
++++++++++++++++++++
        NaN         
++++++++++++++++++++

Trial Id: 49 | Model params: 93075 | Timestamp: 2021-08-23 02:18:39.615082

[32m[I 2021-08-23 02:19:01,870][0m Trial 49 pruned. [0m
epoch 0 -0.8380635218273205 30.047510926174958

Study statistics: 
  Number of finished trials:  50
  Number of pruned trials:  38
  Number of complete trials:  12

Best trial:
  Value:  18.88278141811109
  Params: 
    n_layers_fe: 2
    fe_n_units_l0: 133
    fe_dropout_l0: 0.4106907971520856
    fe_n_units_l1: 171
    fe_dropout_l1: 0.37848546161808755
    n_units_l(Invariant): 135
    n_layers_mlp: 4
    mlp_n_units_l0: 220
    mlp_dropout_l0: 0.2695448430875762
    mlp_n_units_l1: 181
    mlp_dropout_l1: 0.008700518289632475
    mlp_n_units_l2: 210
    mlp_dropout_l2: 0.06360477301065992
    mlp_n_units_l3: 117
    mlp_dropout_l3: 0.06078279077152343
    reduction: sum
    lr: 0.0010494944390085517
    weight_decay: 0.06169493495699502
    batch_size: 128
Target 19505 0 285.0 1.0 125.01307357087926
[ 63. 156.  95. ... 132. 139. 111.]
Prediction 19505 0 189.43341064453125 7.6724371910095215 124.49812659060946
[100.60152435 131.92523193 117.16902924 ... 123.48097992 168.72375488
 126.5054245 ]

 XXXXXX======== TRIAL north - elg ended

Test Set - R-squared:  0.26514890518957257
Test Set - RMSE:  19.198766401253103
Test Set - MAE:  14.886574720022343



[32m[I 2021-08-23 02:19:40,409][0m A new study created in memory with name: DeepSet[0m
Starting Loading north
Finished Loading north
Finished north setup

++++++++ Session Characteristics +++++++

Area: north
Gal Type: qso
Training Set: 62405
Validation Set: 15602
Test Samples: 19505
Number of features: 6
Device: cuda:0
Number of Workers: 8
Number of Trials: 50

+++++++++++++++++++++++++++++++++++++++

Trial Id: 0 | Model params: 56128 | Timestamp: 2021-08-23 02:19:40.410116

[32m[I 2021-08-23 02:19:56,546][0m Trial 0 pruned. [0m
++++++++++++++++++++
        NaN         
++++++++++++++++++++

Trial Id: 1 | Model params: 198811 | Timestamp: 2021-08-23 02:19:56.546498

epoch 0 -11.01301114158653 99.44350443796375
epoch 5 0.12056551812488159 26.906191302108056
epoch 10 0.11082276332999619 27.054819993329243
epoch 15 0.062159035397030604 27.785299347255528
epoch 20 0.08773265731058422 27.40384767800167
epoch 25 -0.24932626537502767 32.0692214032171
epoch 30 -0.09893376435960888 30.077119359248908
epoch 35 0.10738051254243663 27.107137750212694
epoch 40 0.11755913134647789 26.9521420838171
epoch 45 0.035772323437236686 28.173465903548482
epoch 50 0.1418665189131414 26.57834314252622
epoch 55 0.14717371037404992 26.496027786385472
epoch 60 0.15780268125601127 26.33039703992089
epoch 65 0.145207922367379 26.52654724512721
epoch 70 0.14919558046507497 26.464600920130632
epoch 75 0.1523430276246417 26.415604282543253
epoch 80 0.15562844876357618 26.364362657440427
epoch 85 0.1383439516604037 26.632838229968442
epoch 90 0.1578208420433953 26.33011314960826
epoch 95 0.15817486744929543 26.324578395671494
[32m[I 2021-08-23 03:00:50,248][0m Trial 1 finished with value: 26.556082572816344 and parameters: {'n_layers_fe': 2, 'fe_n_units_l0': 164, 'fe_dropout_l0': 0.08473428332045102, 'fe_n_units_l1': 234, 'fe_dropout_l1': 0.020669404837344973, 'n_units_l(Invariant)': 451, 'n_layers_mlp': 4, 'mlp_n_units_l0': 47, 'mlp_dropout_l0': 0.38888232050125093, 'mlp_n_units_l1': 61, 'mlp_dropout_l1': 0.39302374022799896, 'mlp_n_units_l2': 152, 'mlp_dropout_l2': 0.31596879263588384, 'mlp_n_units_l3': 241, 'mlp_dropout_l3': 0.2713154986670955, 'reduction': 'sum', 'lr': 0.006306864423891434, 'weight_decay': 0.28931172083433565, 'batch_size': 128}. Best is trial 1 with value: 26.556082572816344.[0m

Trial Id: 2 | Model params: 145282 | Timestamp: 2021-08-23 03:00:50.248905

[32m[I 2021-08-23 03:01:14,270][0m Trial 2 pruned. [0m
++++++++++++++++++++
        NaN         
++++++++++++++++++++

Trial Id: 3 | Model params: 73195 | Timestamp: 2021-08-23 03:01:14.271008

[32m[I 2021-08-23 03:01:39,985][0m Trial 3 pruned. [0m
++++++++++++++++++++
        NaN         
++++++++++++++++++++

Trial Id: 4 | Model params: 137275 | Timestamp: 2021-08-23 03:01:39.985676

[32m[I 2021-08-23 03:02:01,182][0m Trial 4 pruned. [0m
++++++++++++++++++++
        NaN         
++++++++++++++++++++

Trial Id: 5 | Model params: 51344 | Timestamp: 2021-08-23 03:02:01.182683

epoch 0 -1.4091674952752813 44.53320769921683
epoch 5 -0.6002859639981508 36.29520709498208
epoch 10 0.025660388045133598 28.320809343884022
epoch 15 -0.4638062351954355 34.71301029373434
epoch 20 0.047259974827704165 28.00513599696959
epoch 25 0.06276566369064107 27.77631164256693
epoch 30 0.10545489616049608 27.136360632067863
epoch 35 0.10270306996343415 27.17806742075167
epoch 40 0.03439579933065873 28.193568844361963
epoch 45 0.04739987273165558 28.003079820281815
epoch 50 0.04798395291659563 27.994493556491893
epoch 55 0.08701825725937495 27.41457560719627
epoch 60 0.04806185923444728 27.993348096528276
epoch 65 0.08426133877387754 27.4559361163543
epoch 70 0.058733039798566145 27.836003858637344
epoch 75 0.07483618542828707 27.59686822172215
epoch 80 0.018210617805345608 28.42887318586102
epoch 85 0.09285858959734683 27.32674958450945
epoch 90 0.048670742371154985 27.98439404621393
epoch 95 0.11226217817239403 27.032912728355868
[32m[I 2021-08-23 03:17:05,948][0m Trial 5 finished with value: 27.246265220388224 and parameters: {'n_layers_fe': 2, 'fe_n_units_l0': 48, 'fe_dropout_l0': 0.40735139962929334, 'fe_n_units_l1': 152, 'fe_dropout_l1': 0.03332871130070597, 'n_units_l(Invariant)': 90, 'n_layers_mlp': 2, 'mlp_n_units_l0': 130, 'mlp_dropout_l0': 0.4031618448576813, 'mlp_n_units_l1': 159, 'mlp_dropout_l1': 0.30025530123758903, 'reduction': 'sum', 'lr': 0.0001782910616278762, 'weight_decay': 0.244663072491688, 'batch_size': 128}. Best is trial 1 with value: 26.556082572816344.[0m

Trial Id: 6 | Model params: 134450 | Timestamp: 2021-08-23 03:17:05.948927

epoch 0 0.05816710525530555 27.84437076706526
epoch 5 -0.11430358736718804 30.286720176594773
epoch 10 -0.23670803083219294 31.906860327799883
epoch 15 -0.08881921233333512 29.93838496119757
epoch 20 0.024100970203749572 28.343463825951634
epoch 25 -0.10559639914735941 30.168157622512897
epoch 30 -0.06429432726373574 29.599294134322356
epoch 35 -0.1807287514867557 31.17637022051491
epoch 40 -0.08687808021248533 29.911686183051707
epoch 45 0.021761112978190278 28.37742223326629
epoch 50 0.040682394329930927 28.101641439833053
epoch 55 -0.034514975376907175 29.182256580966392
epoch 60 0.03644854226331795 28.1635850580304
epoch 65 0.017651851902622973 28.436961899056545
epoch 70 -0.027690362792053502 29.085840799253344
epoch 75 -0.019473969917438216 28.969336701338992
epoch 80 0.03871474240185635 28.13044625078938
epoch 85 -0.004151894263076938 28.750816754200592
epoch 90 -0.0847534110778978 29.88243565044505
epoch 95 0.05510304132279931 27.88962701949629
[32m[I 2021-08-23 03:53:33,150][0m Trial 6 finished with value: 28.353959236120122 and parameters: {'n_layers_fe': 4, 'fe_n_units_l0': 8, 'fe_dropout_l0': 0.2882159331659353, 'fe_n_units_l1': 119, 'fe_dropout_l1': 0.18768402522068084, 'fe_n_units_l2': 103, 'fe_dropout_l2': 0.30744752388130203, 'fe_n_units_l3': 59, 'fe_dropout_l3': 0.1424079846667058, 'n_units_l(Invariant)': 112, 'n_layers_mlp': 4, 'mlp_n_units_l0': 113, 'mlp_dropout_l0': 0.4366910133605711, 'mlp_n_units_l1': 195, 'mlp_dropout_l1': 0.40289994824510517, 'mlp_n_units_l2': 186, 'mlp_dropout_l2': 0.47258176147583564, 'mlp_n_units_l3': 222, 'mlp_dropout_l3': 0.4505562600754931, 'reduction': 'sum', 'lr': 0.0004498692612014002, 'weight_decay': 0.03847395470710285, 'batch_size': 32}. Best is trial 1 with value: 26.556082572816344.[0m

Trial Id: 7 | Model params: 36651 | Timestamp: 2021-08-23 03:53:33.150475

epoch 0 -2.306543669584947 52.17201519908132
epoch 5 -0.5719056683680215 35.971928436160866
epoch 10 -0.41964235733024746 34.18534404904648
epoch 15 -0.33986156632583286 33.21088475220155
epoch 20 -0.2833810035043527 32.50336194605823
epoch 25 -0.2265489705748993 31.77553905612837
epoch 30 -0.14032180002117212 30.638266835807812
epoch 35 -0.07143774087504018 29.698461437487435
epoch 40 -0.003651978667698952 28.743659086573327
epoch 45 0.08756168912365614 27.40641543771464
epoch 50 0.10616611362801931 27.12557096295716
epoch 55 0.1235031615620309 26.861215289151737
epoch 60 0.099447238526435 27.227330423858433
epoch 65 0.13117867157100538 26.74334442417126
epoch 70 0.13802881841449266 26.63770799530756
epoch 75 0.13303513677750967 26.71475705141385
epoch 80 0.1471603551965227 26.49623524819441
epoch 85 0.148107568315744 26.4815170333637
epoch 90 0.14989439568208174 26.45373022852813
epoch 95 0.1479822046126772 26.48346545947256
[32m[I 2021-08-23 04:12:45,490][0m Trial 7 finished with value: 26.42860277364803 and parameters: {'n_layers_fe': 2, 'fe_n_units_l0': 215, 'fe_dropout_l0': 0.019366920822016354, 'fe_n_units_l1': 59, 'fe_dropout_l1': 0.10387977338509102, 'n_units_l(Invariant)': 171, 'n_layers_mlp': 2, 'mlp_n_units_l0': 47, 'mlp_dropout_l0': 0.061506695098316244, 'mlp_n_units_l1': 180, 'mlp_dropout_l1': 0.45726511179602164, 'reduction': 'sum', 'lr': 9.083729765059182e-05, 'weight_decay': 0.03500941329480801, 'batch_size': 256}. Best is trial 7 with value: 26.42860277364803.[0m

Trial Id: 8 | Model params: 116043 | Timestamp: 2021-08-23 04:12:45.490212

epoch 0 -1.6953024091586166 47.10361411321396
epoch 5 -0.5738539951486317 35.994214559727226
epoch 10 -0.20875447404577252 31.54420075359675
epoch 15 0.08494353764651641 27.445707270962874
epoch 20 0.10615460247573105 27.12574562940118
epoch 25 0.10560820580814989 27.134035179648503
epoch 30 0.03614239864966673 28.168058828932825
epoch 35 -0.005294502624801911 28.767169650607734
epoch 40 0.10047866932418215 27.211733806946413
epoch 45 0.12126654505088819 26.89546524727166
epoch 50 0.06942408656667798 27.677469723392594
epoch 55 0.09439144263015731 27.303651972271698
epoch 60 0.11649041895853696 26.968457835594062
epoch 65 0.06036344649910075 27.811885474036394
epoch 70 0.09595674020882372 27.280045291601812
epoch 75 0.1055900343657088 27.13431082062446
epoch 80 0.12534879784901143 26.832919602842406
epoch 85 0.08558291708215282 27.43611699539198
epoch 90 0.10135943337102371 27.19840839392875
epoch 95 0.08635555305929654 27.42452348342214
[32m[I 2021-08-23 04:49:18,479][0m Trial 8 finished with value: 27.765529616866388 and parameters: {'n_layers_fe': 4, 'fe_n_units_l0': 22, 'fe_dropout_l0': 0.35890029108616694, 'fe_n_units_l1': 122, 'fe_dropout_l1': 0.046942607050381446, 'fe_n_units_l2': 241, 'fe_dropout_l2': 0.06845885983702343, 'fe_n_units_l3': 198, 'fe_dropout_l3': 0.02026278810500315, 'n_units_l(Invariant)': 150, 'n_layers_mlp': 2, 'mlp_n_units_l0': 54, 'mlp_dropout_l0': 0.06301030657036616, 'mlp_n_units_l1': 34, 'mlp_dropout_l1': 0.2903079841954351, 'reduction': 'sum', 'lr': 0.0005791745308701512, 'weight_decay': 0.060790479027591056, 'batch_size': 128}. Best is trial 7 with value: 26.42860277364803.[0m

Trial Id: 9 | Model params: 92624 | Timestamp: 2021-08-23 04:49:18.479258

epoch 0 -3.6544850308697665 61.89938009201971
epoch 5 -0.7982492333988083 38.474715987089404
epoch 10 0.07560269677375697 27.585433654389846
epoch 15 0.1246850960448388 26.84309833461975
epoch 20 0.15055276304278797 26.443484650923946
epoch 25 0.15156840522031778 26.427671337336335
epoch 30 0.14814290540981712 26.480967791741048
epoch 35 0.15046530814990178 26.4448458611889
epoch 40 0.17676079643484233 26.032357672490974
epoch 45 0.17969002540244483 25.986002561651762
epoch 50 0.15550095295168886 26.366353024678656
epoch 55 0.1595100477670064 26.303694006900347
epoch 60 0.18482024444945788 25.904616878160123
epoch 65 0.12688213134137472 26.809389158851726
epoch 70 0.18340045243529324 25.92716599530824
epoch 75 0.17347261980237194 26.084294998459782
epoch 80 0.17918578143696584 25.993988123425957
epoch 85 0.15718980714762754 26.339975723870754
epoch 90 0.18880089406482414 25.841291338520012
epoch 95 0.14754827720292074 26.490208533862692
[32m[I 2021-08-23 05:17:28,259][0m Trial 9 finished with value: 25.670680899161127 and parameters: {'n_layers_fe': 2, 'fe_n_units_l0': 108, 'fe_dropout_l0': 0.3200770440998105, 'fe_n_units_l1': 92, 'fe_dropout_l1': 0.27634098229074394, 'n_units_l(Invariant)': 493, 'n_layers_mlp': 4, 'mlp_n_units_l0': 174, 'mlp_dropout_l0': 0.4076364323763403, 'mlp_n_units_l1': 116, 'mlp_dropout_l1': 0.3244745094949265, 'mlp_n_units_l2': 21, 'mlp_dropout_l2': 0.22220467243992226, 'mlp_n_units_l3': 47, 'mlp_dropout_l3': 0.19145652950316738, 'reduction': 'sum', 'lr': 0.0033982461411864624, 'weight_decay': 0.006718087764096936, 'batch_size': 128}. Best is trial 9 with value: 25.670680899161127.[0m

Trial Id: 10 | Model params: 130298 | Timestamp: 2021-08-23 05:17:28.259303

[32m[I 2021-08-23 05:17:52,543][0m Trial 10 pruned. [0m
++++++++++++++++++++
        NaN         
++++++++++++++++++++

Trial Id: 11 | Model params: 67959 | Timestamp: 2021-08-23 05:17:52.543810

epoch 0 -7.5436743652035965 83.86346926559585
epoch 5 -1.993884597109671 49.64414194308524
epoch 10 -1.376082694692684 44.226366073782174
epoch 15 -0.8762256618960529 39.3000421863462
epoch 20 -0.676584974937066 37.15038044873626
epoch 25 -0.6082514178303435 36.38542501091454
epoch 30 -0.6107305057763326 36.41345792072911
epoch 35 -0.5821333508760371 36.0887652649811
epoch 40 -0.5473615303068056 35.68998607003696
epoch 45 -0.6082239283257054 36.385114045361306
epoch 50 -0.5191314218287018 35.362922897279795
epoch 55 -0.509566688904673 35.251421353931335
epoch 60 -0.48045473604324496 34.90985520867669
epoch 65 -0.4635517978350947 34.70999327196792
epoch 70 -0.4478531239728962 34.52333436321776
epoch 75 -0.4382501567937527 34.40865491512379
epoch 80 -0.41228585820860486 34.09665583357186
epoch 85 -0.40747342613482007 34.038513262023265
epoch 90 -0.4146834509941142 34.12558596444159
epoch 95 -0.4068168622106956 34.03057312392481
[32m[I 2021-08-23 05:39:51,194][0m Trial 11 finished with value: 33.39152533592156 and parameters: {'n_layers_fe': 2, 'fe_n_units_l0': 193, 'fe_dropout_l0': 0.16256635659474908, 'fe_n_units_l1': 66, 'fe_dropout_l1': 0.13199792116864828, 'n_units_l(Invariant)': 205, 'n_layers_mlp': 2, 'mlp_n_units_l0': 196, 'mlp_dropout_l0': 0.14235644448350201, 'mlp_n_units_l1': 135, 'mlp_dropout_l1': 0.4895737030059746, 'reduction': 'sum', 'lr': 2.0464816917046412e-05, 'weight_decay': 0.007742457498791017, 'batch_size': 256}. Best is trial 9 with value: 25.670680899161127.[0m

Trial Id: 12 | Model params: 64213 | Timestamp: 2021-08-23 05:39:51.194844

[32m[I 2021-08-23 05:40:00,765][0m Trial 12 pruned. [0m
epoch 0 -0.547232833055322 35.6885018342804

Trial Id: 13 | Model params: 64217 | Timestamp: 2021-08-23 05:40:00.765925

epoch 0 -2.6138382911954694 54.54247463576005
epoch 5 -1.3424588135735176 43.91232808222993
epoch 10 -0.7385349491982693 37.830509771768675
epoch 15 -0.7045950877414378 37.45942416432242
epoch 20 -0.5214399379271253 35.38978195802499
epoch 25 -0.5793183994776059 36.05664618122942
epoch 30 -0.4878834197390738 34.99733162897993
epoch 35 -0.3907889400496911 33.83616194700353
epoch 40 -0.3185593003267766 32.945819436299864
epoch 45 -0.22126585067628635 31.707031744896717
epoch 50 -0.16292961661439875 30.94049063536038
epoch 55 -0.10293943767289893 30.131885865506494
epoch 60 -0.05483660811213231 29.467485432735383
epoch 65 -0.05135269928077335 29.41878265728742
epoch 70 -0.0294508962016804 29.110743573777786
epoch 75 0.0319816345707058 28.228791055876993
epoch 80 0.02696988752126095 28.30177154960472
epoch 85 0.09111046614287133 27.353067168082795
epoch 90 0.06585808805102955 27.7304495189763
epoch 95 0.07586199644764824 27.58156443300372
[32m[I 2021-08-23 05:54:34,514][0m Trial 13 finished with value: 27.06076650678777 and parameters: {'n_layers_fe': 2, 'fe_n_units_l0': 84, 'fe_dropout_l0': 0.18675419193702303, 'fe_n_units_l1': 29, 'fe_dropout_l1': 0.11186504799602998, 'n_units_l(Invariant)': 226, 'n_layers_mlp': 2, 'mlp_n_units_l0': 176, 'mlp_dropout_l0': 0.20711105828203305, 'mlp_n_units_l1': 238, 'mlp_dropout_l1': 0.4995098407610024, 'reduction': 'sum', 'lr': 5.0910618525910854e-05, 'weight_decay': 0.12475036457024144, 'batch_size': 256}. Best is trial 9 with value: 25.670680899161127.[0m

Trial Id: 14 | Model params: 62709 | Timestamp: 2021-08-23 05:54:34.514467

