[32m[I 2021-08-22 20:03:12,276][0m A new study created in memory with name: DeepSet[0m
Starting Loading north
Finished Loading north
Finished north setup

++++++++ Session Characteristics +++++++

Area: north
Gal Type: elg
Training Set: 62405
Validation Set: 15602
Test Samples: 19505
Number of features: 6
Device: cuda:0
Number of Workers: 8
Number of Trials: 50

+++++++++++++++++++++++++++++++++++++++

Trial Id: 0 | Model params: 134599 | Timestamp: 2021-08-22 20:03:12.277323

epoch 0 -2.011547343527551 38.461223110613524
epoch 5 -0.6237432879730771 28.24144591656793
epoch 10 -0.4305070242740905 26.507772890004283
epoch 15 -0.059351063699103035 22.81120341111356
epoch 20 -0.21178239145667432 24.397232358122146
epoch 25 -0.2677230760921898 24.95401556197285
epoch 30 -0.19971468354587496 24.275446734176754
epoch 35 -0.37288265277441757 25.968385668574324
epoch 40 -0.185048925148104 24.126614446485917
epoch 45 -0.173406512120033 24.007806980304768
epoch 50 -0.23333240188578475 24.613213245377683
epoch 55 -0.2186050661403478 24.46581758505283
epoch 60 -0.13500848247216357 23.61172939631763
epoch 65 -0.16846519233143642 23.957204139433575
epoch 70 -0.03341329095741674 22.530211316649172
epoch 75 -0.05789097048701719 22.79547776131831
epoch 80 -0.07801003030261056 23.011220001975236
epoch 85 -0.0032925812089992235 22.199441278448575
epoch 90 0.043368190924764294 21.677073615464842
epoch 95 0.0036846492261620734 22.12211545599322
[32m[I 2021-08-22 20:32:46,222][0m Trial 0 finished with value: 21.812562550449723 and parameters: {'n_layers_fe': 4, 'fe_n_units_l0': 36, 'fe_dropout_l0': 0.33033703366505907, 'fe_n_units_l1': 184, 'fe_dropout_l1': 0.26306191684861124, 'fe_n_units_l2': 165, 'fe_dropout_l2': 0.032447395633722786, 'fe_n_units_l3': 185, 'fe_dropout_l3': 0.3475433672377819, 'n_units_l(Invariant)': 28, 'n_layers_mlp': 2, 'mlp_n_units_l0': 202, 'mlp_dropout_l0': 0.16048766565949096, 'mlp_n_units_l1': 233, 'mlp_dropout_l1': 0.18743910434664057, 'reduction': 'sum', 'lr': 6.894811683478106e-05, 'weight_decay': 0.04347650457002045, 'batch_size': 128}. Best is trial 0 with value: 21.812562550449723.[0m

Trial Id: 1 | Model params: 108818 | Timestamp: 2021-08-22 20:32:46.222466

[32m[I 2021-08-22 20:33:01,470][0m Trial 1 pruned. [0m
++++++++++++++++++++
        NaN         
++++++++++++++++++++

Trial Id: 2 | Model params: 111776 | Timestamp: 2021-08-22 20:33:01.471117

epoch 0 -4.177259723747452 50.42875193786039
epoch 5 -5.9165879466082485 58.287334515530794
epoch 10 -3.204481450705451 45.444828006528574
epoch 15 -3.635244997517395 47.71606160724933
epoch 20 -3.2365760346863857 45.61794804994125
epoch 25 -3.7832671031553016 48.47195767042921
epoch 30 -4.03021701469221 49.707463769964576
epoch 35 -3.8843482587870986 48.98144067070569
epoch 40 -3.245397683446167 45.665417544271676
epoch 45 -2.774212917759782 43.056769497291064
epoch 50 -3.098289898926774 44.86726342217071
epoch 55 -2.657644815766523 42.38664169858409
epoch 60 -2.772879463193106 43.04916270360076
epoch 65 -2.5558095531611285 41.792417122730676
epoch 70 -1.903422892672895 37.7644698318338
epoch 75 -2.2654428514647593 40.04970186479361
epoch 80 -1.89895832247436 37.73542359964065
epoch 85 -2.025739195928711 38.55174044107528
epoch 90 -2.0948627772200337 38.98961461609165
epoch 95 -1.8167109319900043 37.19626930300101
[32m[I 2021-08-22 21:08:03,524][0m Trial 2 finished with value: 34.91833356490593 and parameters: {'n_layers_fe': 4, 'fe_n_units_l0': 217, 'fe_dropout_l0': 0.14973327349294618, 'fe_n_units_l1': 153, 'fe_dropout_l1': 0.3466881350992052, 'fe_n_units_l2': 105, 'fe_dropout_l2': 0.076078966149569, 'fe_n_units_l3': 195, 'fe_dropout_l3': 0.2711037657262694, 'n_units_l(Invariant)': 56, 'n_layers_mlp': 4, 'mlp_n_units_l0': 63, 'mlp_dropout_l0': 0.30786412792178003, 'mlp_n_units_l1': 180, 'mlp_dropout_l1': 0.03001850738870332, 'mlp_n_units_l2': 33, 'mlp_dropout_l2': 0.18004492951116202, 'mlp_n_units_l3': 209, 'mlp_dropout_l3': 0.2521833211372855, 'reduction': 'sum', 'lr': 0.00024026522864051167, 'weight_decay': 0.23602525547308084, 'batch_size': 128}. Best is trial 0 with value: 21.812562550449723.[0m

Trial Id: 3 | Model params: 154610 | Timestamp: 2021-08-22 21:08:03.524371

[32m[I 2021-08-22 21:08:33,435][0m Trial 3 pruned. [0m
++++++++++++++++++++
        NaN         
++++++++++++++++++++

Trial Id: 4 | Model params: 60246 | Timestamp: 2021-08-22 21:08:33.436128

[32m[I 2021-08-22 21:08:47,507][0m Trial 4 pruned. [0m
++++++++++++++++++++
        NaN         
++++++++++++++++++++

Trial Id: 5 | Model params: 164967 | Timestamp: 2021-08-22 21:08:47.507989

epoch 0 -1.8049629952904866 37.1186191608931
epoch 5 -0.004115381820414488 22.208542297834242
epoch 10 0.1441377741513319 20.50360247523616
epoch 15 0.15119171448308155 20.41893322131742
epoch 20 0.18705273426729452 19.982942147118397
epoch 25 0.1888635883073584 19.96067356534076
epoch 30 0.19178295348136998 19.924720906089295
epoch 35 0.18735638719544034 19.979209773643678
epoch 40 0.20220352402743658 19.795856661980224
epoch 45 0.2099217974806451 19.699866532343414
epoch 50 0.21013383329163304 19.697222896906617
epoch 55 0.2092266644785713 19.708530875028888
epoch 60 0.22501356112386528 19.510809799249028
epoch 65 0.23196772900131668 19.423074588618295
epoch 70 0.19710301915055772 19.85903568115272
epoch 75 0.25240885081974473 19.162859668852246
epoch 80 0.1792172348120863 20.07901286440032
epoch 85 0.22421102469157128 19.5209093850663
epoch 90 0.14419298109842338 20.50294117747277
epoch 95 0.26815974355087846 18.95991522937499
[32m[I 2021-08-22 21:31:54,434][0m Trial 5 finished with value: 18.88278141811109 and parameters: {'n_layers_fe': 2, 'fe_n_units_l0': 133, 'fe_dropout_l0': 0.4106907971520856, 'fe_n_units_l1': 171, 'fe_dropout_l1': 0.37848546161808755, 'n_units_l(Invariant)': 135, 'n_layers_mlp': 4, 'mlp_n_units_l0': 220, 'mlp_dropout_l0': 0.2695448430875762, 'mlp_n_units_l1': 181, 'mlp_dropout_l1': 0.008700518289632475, 'mlp_n_units_l2': 210, 'mlp_dropout_l2': 0.06360477301065992, 'mlp_n_units_l3': 117, 'mlp_dropout_l3': 0.06078279077152343, 'reduction': 'sum', 'lr': 0.0010494944390085517, 'weight_decay': 0.06169493495699502, 'batch_size': 128}. Best is trial 5 with value: 18.88278141811109.[0m

Trial Id: 6 | Model params: 41280 | Timestamp: 2021-08-22 21:31:54.434957

[32m[I 2021-08-22 21:32:07,272][0m Trial 6 pruned. [0m
++++++++++++++++++++
        NaN         
++++++++++++++++++++

Trial Id: 7 | Model params: 155784 | Timestamp: 2021-08-22 21:32:07.272703

[32m[I 2021-08-22 21:32:23,340][0m Trial 7 pruned. [0m
++++++++++++++++++++
        NaN         
++++++++++++++++++++

Trial Id: 8 | Model params: 27624 | Timestamp: 2021-08-22 21:32:23.340521

epoch 0 -0.7537621217178907 29.350370414933405
epoch 5 -0.3663983367108852 25.906986932123857
epoch 10 0.087833330650674 21.167294063682085
epoch 15 0.1403555071097543 20.54885777922051
epoch 20 0.01505886784524102 21.99547681066996
epoch 25 0.14812619887754253 20.45577201368592
epoch 30 0.15380185888681708 20.38751423023842
epoch 35 0.16293813829827952 20.277155011792015
epoch 40 0.14888297912990822 20.446683834234978
epoch 45 0.15699683154113786 20.3489894756582
epoch 50 0.1659898337991489 20.24015881852558
epoch 55 0.146613739745734 20.473923058400576
epoch 60 0.17608734664305203 20.117260053372465
epoch 65 0.17200214905802613 20.167071985420275
epoch 70 0.16194690527096423 20.289157373778757
epoch 75 0.17776232268135927 20.096800923753854
epoch 80 0.1784385819597777 20.088534795805703
epoch 85 0.16808907452804644 20.21467007880115
epoch 90 0.17989805141991344 20.070683643849634
epoch 95 0.18293049323097987 20.033542196278802
[32m[I 2021-08-22 22:01:05,537][0m Trial 8 finished with value: 20.34462179126703 and parameters: {'n_layers_fe': 2, 'fe_n_units_l0': 187, 'fe_dropout_l0': 0.09926418500836953, 'fe_n_units_l1': 16, 'fe_dropout_l1': 0.10568375265484559, 'n_units_l(Invariant)': 123, 'n_layers_mlp': 2, 'mlp_n_units_l0': 73, 'mlp_dropout_l0': 0.1906946030104063, 'mlp_n_units_l1': 216, 'mlp_dropout_l1': 0.3506973798465073, 'reduction': 'sum', 'lr': 0.00016245971799720994, 'weight_decay': 0.2223165194275896, 'batch_size': 32}. Best is trial 5 with value: 18.88278141811109.[0m

Trial Id: 9 | Model params: 203091 | Timestamp: 2021-08-22 22:01:05.538343

[32m[I 2021-08-22 22:01:29,867][0m Trial 9 pruned. [0m
++++++++++++++++++++
        NaN         
++++++++++++++++++++

Trial Id: 10 | Model params: 292102 | Timestamp: 2021-08-22 22:01:29.867973

epoch 0 -0.010979544935438623 22.284322143454734
epoch 5 0.05805046495386634 21.510081789538756
epoch 10 0.0318403381787119 21.807291840298717
epoch 15 -31.725296367172902 126.78563141698415
epoch 20 -31.725296367172902 126.78563141698415
epoch 25 -31.725296367172902 126.78563141698415
epoch 30 -0.12638720914004398 23.521883722727157
epoch 35 -0.013384255373533493 22.31080908601159
epoch 40 -519.0642185211138 505.42501299475543
epoch 45 -31.725296367172902 126.78563141698415
epoch 50 -31.725296367172902 126.78563141698415
epoch 55 -3.015466828666411 44.411584188402834
epoch 60 -4.417996807214537 51.58787229617268
epoch 65 -3.7605410908171004 48.35667183779446
epoch 70 -4.543985593766298 52.18423127178675
epoch 75 -3.8605748768822608 48.86209262083509
epoch 80 -3.558304034163073 47.31838223040336
epoch 85 -0.8398524855378127 30.062129798935107
epoch 90 -0.4089501133467175 26.307286339561266
epoch 95 -0.1482295345434812 23.748850875118677
[32m[I 2021-08-22 22:45:11,392][0m Trial 10 finished with value: 21.453564237055648 and parameters: {'n_layers_fe': 2, 'fe_n_units_l0': 248, 'fe_dropout_l0': 0.4950227938491122, 'fe_n_units_l1': 251, 'fe_dropout_l1': 0.17706237923138324, 'n_units_l(Invariant)': 384, 'n_layers_mlp': 4, 'mlp_n_units_l0': 246, 'mlp_dropout_l0': 0.44146387654452623, 'mlp_n_units_l1': 181, 'mlp_dropout_l1': 0.1496939513895743, 'mlp_n_units_l2': 254, 'mlp_dropout_l2': 0.01405010718986039, 'mlp_n_units_l3': 91, 'mlp_dropout_l3': 0.011090976243773344, 'reduction': 'sum', 'lr': 0.0062676702219013275, 'weight_decay': 0.11835492621684025, 'batch_size': 32}. Best is trial 5 with value: 18.88278141811109.[0m

Trial Id: 11 | Model params: 89962 | Timestamp: 2021-08-22 22:45:11.392770

[32m[I 2021-08-22 22:45:31,092][0m Trial 11 pruned. [0m
epoch 0 0.08240752587628264 21.23015501128981

Trial Id: 12 | Model params: 30648 | Timestamp: 2021-08-22 22:45:31.092632

epoch 0 -3.3281793083783713 46.108486404414116
epoch 5 -1.2591381872691887 33.311918251485785
epoch 10 -1.4738378380191635 34.85891438025916
epoch 15 -0.9599798657606153 31.028018999642708
epoch 20 -1.2935353287737938 33.564560189604926
epoch 25 -0.7357981999357566 29.19966443511537
epoch 30 -1.3622904377252962 34.06394082843663
epoch 35 -0.7595855432559511 29.3990594378769
epoch 40 -0.5598928086304398 27.680607780596787
epoch 45 -0.11584972086171774 23.411600157163672
epoch 50 -0.002308663203962835 22.1885532343376
epoch 55 0.11896119048768772 20.80299014777128
epoch 60 0.10893089190332172 20.921072164932717
epoch 65 0.09755637079551693 21.05417776194831
epoch 70 0.1379765431493325 20.57727139575275
epoch 75 0.1513582076283514 20.416930543446973
epoch 80 0.11645426903631417 20.832565698946418
epoch 85 0.16453473556361053 20.25780763492606
epoch 90 0.15207657794920615 20.408287307716353
epoch 95 0.11550182293540989 20.84379123649179
[32m[I 2021-08-22 23:14:17,850][0m Trial 12 finished with value: 21.23192873815426 and parameters: {'n_layers_fe': 2, 'fe_n_units_l0': 106, 'fe_dropout_l0': 0.42081156690473664, 'fe_n_units_l1': 76, 'fe_dropout_l1': 0.11120410195747132, 'n_units_l(Invariant)': 227, 'n_layers_mlp': 2, 'mlp_n_units_l0': 13, 'mlp_dropout_l0': 0.2539414524395293, 'mlp_n_units_l1': 213, 'mlp_dropout_l1': 0.23104648434022965, 'reduction': 'sum', 'lr': 0.0009856136030308067, 'weight_decay': 0.1877436695008916, 'batch_size': 32}. Best is trial 5 with value: 18.88278141811109.[0m

Trial Id: 13 | Model params: 169617 | Timestamp: 2021-08-22 23:14:17.850975

[32m[I 2021-08-22 23:14:42,424][0m Trial 13 pruned. [0m
epoch 0 -1.4808603023818026 34.90835618310751

Trial Id: 14 | Model params: 56199 | Timestamp: 2021-08-22 23:14:42.424815

[32m[I 2021-08-22 23:15:01,029][0m Trial 14 pruned. [0m
epoch 0 -0.029152804427466705 22.483720332807398

Trial Id: 15 | Model params: 54441 | Timestamp: 2021-08-22 23:15:01.029649

epoch 0 -2.84008632145817 43.43089080437328
epoch 5 -0.9587761310323402 31.018489503690855
epoch 10 -0.6001746763627349 28.035734613222292
epoch 15 -0.32128440261672386 25.475715945354906
epoch 20 -0.9104452301287203 30.63342381823423
epoch 25 -0.5628811251073482 27.707109229110664
epoch 30 -0.6691846330375146 28.6338952992272
epoch 35 -1.0110890479171362 31.42996476578064
epoch 40 -0.7621381309353203 29.4203759578126
epoch 45 -0.41757058225285815 26.387642385002138
epoch 50 -1.0581706741697454 31.79573997213983
epoch 55 -0.7318929572253194 29.166798867323003
epoch 60 -0.4377626871103937 26.574912790475132
epoch 65 -0.3874232000528359 26.10554232896509
epoch 70 -0.7140612738914138 29.01625873613604
epoch 75 -0.7600346100264328 29.402810690124888
epoch 80 -0.28612863287136503 25.134511397951503
epoch 85 -1.0529421659598102 31.755327871176814
epoch 90 -0.6929223679676224 28.836780076481077
epoch 95 -0.6526889537686367 28.49205709057495
[32m[I 2021-08-22 23:44:25,186][0m Trial 15 finished with value: 31.07540955735149 and parameters: {'n_layers_fe': 2, 'fe_n_units_l0': 255, 'fe_dropout_l0': 0.2008595944146534, 'fe_n_units_l1': 98, 'fe_dropout_l1': 0.01785450727754244, 'n_units_l(Invariant)': 156, 'n_layers_mlp': 2, 'mlp_n_units_l0': 42, 'mlp_dropout_l0': 0.21096599562229304, 'mlp_n_units_l1': 208, 'mlp_dropout_l1': 0.4198171465237729, 'reduction': 'sum', 'lr': 0.0005448123903874472, 'weight_decay': 0.20162170870504942, 'batch_size': 32}. Best is trial 5 with value: 18.88278141811109.[0m

Trial Id: 16 | Model params: 37507 | Timestamp: 2021-08-22 23:44:25.186534

[32m[I 2021-08-22 23:44:32,348][0m Trial 16 pruned. [0m
epoch 0 -0.729519632136199 29.14680743931818

Trial Id: 17 | Model params: 147694 | Timestamp: 2021-08-22 23:44:32.348615

[32m[I 2021-08-22 23:44:47,318][0m Trial 17 pruned. [0m
epoch 0 -1.6518826281212609 36.09153828742522

Trial Id: 18 | Model params: 118115 | Timestamp: 2021-08-22 23:44:47.318312

[32m[I 2021-08-22 23:45:07,122][0m Trial 18 pruned. [0m
epoch 0 -0.09928617961335151 23.23719099856185

Trial Id: 19 | Model params: 43746 | Timestamp: 2021-08-22 23:45:07.122779

[32m[I 2021-08-22 23:45:17,768][0m Trial 19 pruned. [0m
epoch 0 -0.6284245109893487 28.28212641049587

Trial Id: 20 | Model params: 103796 | Timestamp: 2021-08-22 23:45:17.768392

[32m[I 2021-08-22 23:45:39,861][0m Trial 20 pruned. [0m
++++++++++++++++++++
        NaN         
++++++++++++++++++++

Trial Id: 21 | Model params: 27001 | Timestamp: 2021-08-22 23:45:39.861526

epoch 0 -3.9240943471475846 49.18032863537872
epoch 5 -1.827088111632722 37.26472458968862
epoch 10 -1.6971874182887507 36.398526797452995
epoch 15 -1.6694452294159374 36.21085263493297
epoch 20 -1.6643208965009761 36.176080316464805
epoch 25 -1.567297840046339 35.51128365771691
epoch 30 -1.6139497209125153 35.83247929172652
epoch 35 -1.7019658483514295 36.4307549710579
epoch 40 -1.5018898887021068 35.0559983413941
epoch 45 -1.670129649237479 36.21549439282922
epoch 50 -1.034414796140299 31.611710541375214
epoch 55 -1.7726657236859218 36.904302417677194
epoch 60 -1.8179168480040637 37.20423085424487
epoch 65 -1.6620927856094134 36.16095053656251
epoch 70 -1.4328597808227834 34.568997335455315
epoch 75 -1.302778861736643 33.632129051772104
epoch 80 -1.6574496837192565 36.12940162642295
epoch 85 -1.8339091870265123 37.30965286017031
epoch 90 -1.5000056836408562 35.04279529621505
epoch 95 -1.5135928947159667 35.137892815364616
[32m[I 2021-08-23 00:14:30,180][0m Trial 21 finished with value: 35.43791613300804 and parameters: {'n_layers_fe': 2, 'fe_n_units_l0': 104, 'fe_dropout_l0': 0.4080341642615225, 'fe_n_units_l1': 55, 'fe_dropout_l1': 0.11130696086697608, 'n_units_l(Invariant)': 221, 'n_layers_mlp': 2, 'mlp_n_units_l0': 27, 'mlp_dropout_l0': 0.27233458477244693, 'mlp_n_units_l1': 210, 'mlp_dropout_l1': 0.30302643743675917, 'reduction': 'sum', 'lr': 0.0007108228445052559, 'weight_decay': 0.18699209327958183, 'batch_size': 32}. Best is trial 5 with value: 18.88278141811109.[0m

Trial Id: 22 | Model params: 40121 | Timestamp: 2021-08-23 00:14:30.180383

[32m[I 2021-08-23 00:14:47,109][0m Trial 22 pruned. [0m
epoch 0 -0.2254339599990991 24.534273339954407

Trial Id: 23 | Model params: 22383 | Timestamp: 2021-08-23 00:14:47.110039

[32m[I 2021-08-23 00:15:04,200][0m Trial 23 pruned. [0m
epoch 0 -1.6166497066892864 35.85098045371703

Trial Id: 24 | Model params: 25026 | Timestamp: 2021-08-23 00:15:04.200667

epoch 0 -12.2862022847657 80.78461766136387
epoch 5 -9.511142920168362 71.85437469219437
epoch 10 -8.298643132150156 67.5830883579386
epoch 15 -8.699324999883572 69.02382137817112
epoch 20 -7.306014894820201 63.87407096835857
epoch 25 -6.227627065718923 59.583513845031504
epoch 30 -5.665045366314265 57.2176212517686
epoch 35 -5.865166267206938 58.07026041618825
epoch 40 -5.934211874360958 58.361547280276646
epoch 45 -4.611025655051465 52.498799316594116
epoch 50 -4.682160948576348 52.83053506592545
epoch 55 -5.088320186742237 54.68610421092238
epoch 60 -5.2424081419157105 55.37379950231324
epoch 65 -4.998021945906889 54.279053869120546
epoch 70 -4.751830177689802 53.1534271076006
epoch 75 -4.8034438900352034 53.39137907546782
epoch 80 -4.550634916358514 52.215516148130405
epoch 85 -3.4922333505749314 46.97420054582705
epoch 90 -3.6740740977674697 47.91550174205815
epoch 95 -4.017220026874831 49.64320559277065
[32m[I 2021-08-23 00:44:00,961][0m Trial 24 finished with value: 45.29118323526146 and parameters: {'n_layers_fe': 2, 'fe_n_units_l0': 156, 'fe_dropout_l0': 0.44935474863392183, 'fe_n_units_l1': 28, 'fe_dropout_l1': 0.05886796614434474, 'n_units_l(Invariant)': 274, 'n_layers_mlp': 2, 'mlp_n_units_l0': 48, 'mlp_dropout_l0': 0.493351862898488, 'mlp_n_units_l1': 162, 'mlp_dropout_l1': 0.1677652654590614, 'reduction': 'sum', 'lr': 0.0005658072926692472, 'weight_decay': 0.2719417891829017, 'batch_size': 32}. Best is trial 5 with value: 18.88278141811109.[0m

Trial Id: 25 | Model params: 85939 | Timestamp: 2021-08-23 00:44:00.961746

[32m[I 2021-08-23 00:44:18,608][0m Trial 25 pruned. [0m
++++++++++++++++++++
        NaN         
++++++++++++++++++++

Trial Id: 26 | Model params: 38971 | Timestamp: 2021-08-23 00:44:18.608366

[32m[I 2021-08-23 00:44:30,821][0m Trial 26 pruned. [0m
epoch 0 -0.8852373623134773 30.430652367189385

Trial Id: 27 | Model params: 30373 | Timestamp: 2021-08-23 00:44:30.821580

epoch 0 -3.8546830813904176 48.83246929869119
epoch 5 -0.015599760916554128 22.3351842102884
epoch 10 0.12228586396198582 20.763702138881623
epoch 15 0.13362602948780022 20.629131372890704
epoch 20 0.12617847646249758 20.717608054216157
epoch 25 0.13945396363311602 20.559630159096418
epoch 30 0.16374691796686514 20.267356623651928
epoch 35 0.15821128519567618 20.334326534580345
epoch 40 0.17635749262805078 20.113961741008957
epoch 45 0.09889654673601722 21.038538676565764
epoch 50 0.12229146282930481 20.763635913789678
epoch 55 0.12368348679005658 20.747164074547786
epoch 60 0.1353308861401179 20.60882430464151
epoch 65 0.163042073426529 20.275896099979327
epoch 70 0.16891353860509395 20.20465073651543
epoch 75 0.15152639399043166 20.41490729909741
epoch 80 0.16016092167331375 20.310765084118742
epoch 85 0.13877707669121175 20.567714450383168
epoch 90 0.12348941806356617 20.749461276959423
epoch 95 0.15725606099801792 20.34586050575691
[32m[I 2021-08-23 01:13:05,152][0m Trial 27 finished with value: 20.530361308390294 and parameters: {'n_layers_fe': 2, 'fe_n_units_l0': 172, 'fe_dropout_l0': 0.4983335337257531, 'fe_n_units_l1': 113, 'fe_dropout_l1': 0.21428921262668105, 'n_units_l(Invariant)': 54, 'n_layers_mlp': 2, 'mlp_n_units_l0': 9, 'mlp_dropout_l0': 0.30737762800337437, 'mlp_n_units_l1': 255, 'mlp_dropout_l1': 0.4394057589298961, 'reduction': 'sum', 'lr': 0.001182147980017846, 'weight_decay': 0.1178455945067053, 'batch_size': 32}. Best is trial 5 with value: 18.88278141811109.[0m

Trial Id: 28 | Model params: 84966 | Timestamp: 2021-08-23 01:13:05.152581

[32m[I 2021-08-23 01:13:17,020][0m Trial 28 pruned. [0m
epoch 0 -1.819363096714429 37.21377685431076

Trial Id: 29 | Model params: 120600 | Timestamp: 2021-08-23 01:13:17.020736

[32m[I 2021-08-23 01:13:31,641][0m Trial 29 pruned. [0m
epoch 0 -0.9820911858632431 31.20254791988

Trial Id: 30 | Model params: 178830 | Timestamp: 2021-08-23 01:13:31.642124

epoch 0 -31.725296367172902 126.78563141698415
epoch 5 0.06828633275303342 21.39289092168789
epoch 10 0.08654479659936942 21.182239333414433
epoch 15 0.0873759059416852 21.1726007856287
epoch 20 0.1036417542767345 20.9830711227287
epoch 25 0.10790165564063403 20.933151201021964
epoch 30 0.11237519954439235 20.880599222835055
epoch 35 0.12144549189139076 20.77363991926244
epoch 40 0.13038728294841817 20.66765411572955
epoch 45 0.13235564216185258 20.644250356129245
epoch 50 0.1338799874411447 20.626107669423163
epoch 55 0.12760460140673835 20.700695010867985
epoch 60 0.1361017192741789 20.599636103948473
epoch 65 0.14497408265280365 20.493582446612137
epoch 70 0.1539340863958768 20.385921284442784
epoch 75 0.19453357251856163 19.89078693602581
epoch 80 0.21083581406200935 19.688468157307163
epoch 85 0.1930184701271881 19.909485679527016
epoch 90 0.20076285719659093 19.81372235297412
epoch 95 0.21253560798558946 19.66725306702848
